#
# There is insufficient memory for the Java Runtime Environment to continue.
# Native memory allocation (malloc) failed to allocate 224016 bytes. Error detail: Chunk::new
# Possible reasons:
#   The system is out of physical RAM or swap space
#   This process is running with CompressedOops enabled, and the Java Heap may be blocking the growth of the native heap
# Possible solutions:
#   Reduce memory load on the system
#   Increase physical memory or swap space
#   Check if swap backing store is full
#   Decrease Java heap size (-Xmx/-Xms)
#   Decrease number of Java threads
#   Decrease Java thread stack sizes (-Xss)
#   Set larger code cache with -XX:ReservedCodeCacheSize=
#   JVM is running with Unscaled Compressed Oops mode in which the Java heap is
#     placed in the first 4GB address space. The Java Heap base address is the
#     maximum limit for the native heap growth. Please use -XX:HeapBaseMinAddress
#     to set the Java Heap base and to place the Java Heap above 4GB virtual address.
# This output file may be truncated or incomplete.
#
#  Out of Memory Error (arena.cpp:150), pid=3932, tid=2336
#
# JRE version: Java(TM) SE Runtime Environment (22.0.2+9) (build 22.0.2+9-70)
# Java VM: Java HotSpot(TM) 64-Bit Server VM (22.0.2+9-70, mixed mode, sharing, tiered, compressed oops, compressed class ptrs, g1 gc, windows-amd64)
# No core dump will be written. Minidumps are not enabled by default on client versions of Windows
#

---------------  S U M M A R Y ------------

Command Line: -XX:+ShowCodeDetailsInExceptionMessages --module-path=D:\Mes projets\gestionEnergetique\target\classes;C:\Users\Stéphane\.m2\repository\org\openjfx\javafx-controls\22.0.1\javafx-controls-22.0.1-win.jar;C:\Users\Stéphane\.m2\repository\org\openjfx\javafx-graphics\22.0.1\javafx-graphics-22.0.1-win.jar;C:\Users\Stéphane\.m2\repository\org\openjfx\javafx-base\22.0.1\javafx-base-22.0.1-win.jar;C:\Users\Stéphane\.m2\repository\org\openjfx\javafx-fxml\22.0.1\javafx-fxml-22.0.1-win.jar;C:\Users\Stéphane\.m2\repository\org\kordamp\ikonli\ikonli-javafx\12.3.1\ikonli-javafx-12.3.1.jar;C:\Users\Stéphane\.m2\repository\org\kordamp\ikonli\ikonli-core\12.3.1\ikonli-core-12.3.1.jar;C:\Users\Stéphane\.m2\repository\de\jensd\fontawesomefx-fontawesome\4.7.0-9.1.2\fontawesomefx-fontawesome-4.7.0-9.1.2.jar;C:\Users\Stéphane\.m2\repository\de\jensd\fontawesomefx-materialdesignfont\2.0.26-9.1.2\fontawesomefx-materialdesignfont-2.0.26-9.1.2.jar;C:\Users\Stéphane\.m2\repository\de\jensd\fontawesomefx-commons\9.1.2\fontawesomefx-commons-9.1.2.jar;C:\Users\Stéphane\.m2\repository\at\favre\lib\bcrypt\0.9.0\bcrypt-0.9.0.jar;C:\Users\Stéphane\.m2\repository\com\fazecast\jSerialComm\2.9.3\jSerialComm-2.9.3.jar -Djdk.module.main=org.example.gestionenergetique org.example.gestionenergetique/org.example.gestionenergetique.HelloApplication

Host: Intel(R) Core(TM) i5-2430M CPU @ 2.40GHz, 4 cores, 3G,  Windows 10 , 64 bit Build 19041 (10.0.19041.5438)
Time: Thu Sep 25 05:49:57 2025 Paris, Madrid (heure duild 19041 (10.0.19041.5438) elapsed time: 27126.471268 seconds (0d 7h 32m 6s)

---------------  T H R E A D  ---------------

Current thread (0x000002108bff0b40):  JavaThread "C2 CompilerThread1" daemon [_thread_in_native, id=2336, stack(0x0000008613c00000,0x0000008613d00000) (1024K)]


Current CompileTask:
C2:27126508 13197       4       sun.util.locale.provider.LocaleResources::getDecimalFormatSymbolsData (90 bytes)

Stack: [0x0000008613c00000,0x0000008613d00000]
Native frames: (J=compiled Java code, j=interpreted, Vv=VM code, C=native code)
V  [jvm.dll+0x6e26e9]  (no source info available)
V  [jvm.dll+0x875753]  (no source info available)
V  [jvm.dll+0x877b7e]  (no source info available)
V  [jvm.dll+0x878253]  (no source info available)
V  [jvm.dll+0x27fc86]  (no source info available)
V  [jvm.dll+0xc3d0f]  (no source info available)
V  [jvm.dll+0xc3f6b]  (no source info available)
V  [jvm.dll+0x2f3c7f]  (no source info available)
V  [jvm.dll+0x60c0fa]  (no source info available)
V  [jvm.dll+0x250c92]  (no source info available)
V  [jvm.dll+0x24937c]  (no source info available)
V  [jvm.dll+0x246da6]  (no source info available)
V  [jvm.dll+0x1c4e80]  (no source info available)
V  [jvm.dll+0x2568f3]  (no source info available)
V  [jvm.dll+0x254baa]  (no source info available)
V  [jvm.dll+0x3f57a6]  (no source info available)
V  [jvm.dll+0x81dc0b]  (no source info available)
V  [jvm.dll+0x6e0d85]  (no source info available)
C  [ucrtbase.dll+0x21bb2]  (no source info available)
C  [KERNEL32.DLL+0x17374]  (no source info available)
C  [ntdll.dll+0x4cc91]  (no source info available)


---------------  P R O C E S S  ---------------

Threads class SMR info:
_java_thread_list=0x000002108738b1c0, length=23, elements={
0x0000021024b2d600, 0x0000021041828f50, 0x000002104182b890, 0x0000021041833480,
0x0000021041833af0, 0x000002104183ed40, 0x0000021041843dc0, 0x0000021041847b30,
0x0000021041848990, 0x0000021041845800, 0x0000021041844ae0, 0x0000021041844450,
0x0000021041845e90, 0x0000021041845170, 0x00000210418430a0, 0x0000021041846520,
0x0000021041843730, 0x0000021041a65bf0, 0x0000021041a620e0, 0x0000021041a641b0,
0x0000021041a60010, 0x0000021041a63b20, 0x000002108bff0b40
}

Java Threads: ( => current thread )
  0x0000021024b2d600 JavaThread "main"                              [_thread_blocked, id=8416, stack(0x0000008613d00000,0x0000008613e00000) (1024K)]
  0x0000021041828f50 JavaThread "Reference Handler"          daemon [_thread_blocked, id=1652, stack(0x0000008614500000,0x0000008614600000) (1024K)]
  0x000002104182b890 JavaThread "Finalizer"                  daemon [_thread_blocked, id=5004, stack(0x0000008614600000,0x0000008614700000) (1024K)]
  0x0000021041833480 JavaThread "Signal Dispatcher"          daemon [_thread_blocked, id=9304, stack(0x0000008614700000,0x0000008614800000) (1024K)]
  0x0000021041833af0 JavaThread "Attach Listener"            daemon [_thread_blocked, id=7184, stack(0x0000008614800000,0x0000008614900000) (1024K)]
  0x000002104183ed40 JavaThread "Service Thread"             daemon [_thread_blocked, id=2104, stack(0x0000008614900000,0x0000008614a00000) (1024K)]
  0x0000021041843dc0 JavaThread "Monitor Deflation Thread"   daemon [_thread_blocked, id=9572, stack(0x0000008614a00000,0x0000008614b00000) (1024K)]
  0x0000021041847b30 JavaThread "C2 CompilerThread0"         daemon [_thread_in_native, id=1932, stack(0x0000008614b00000,0x0000008614c00000) (1024K)]
  0x0000021041848990 JavaThread "C1 CompilerThread0"         daemon [_thread_blocked, id=316, stack(0x0000008614c00000,0x0000008614d00000) (1024K)]
  0x0000021041845800 JavaThread "Common-Cleaner"             daemon [_thread_blocked, id=9628, stack(0x0000008614d00000,0x0000008614e00000) (1024K)]
  0x0000021041844ae0 JavaThread "Notification Thread"        daemon [_thread_blocked, id=3668, stack(0x0000008614f00000,0x0000008615000000) (1024K)]
  0x0000021041844450 JavaThread "QuantumRenderer-0"          daemon [_thread_blocked, id=4484, stack(0x0000008615200000,0x0000008615300000) (1024K)]
  0x0000021041845e90 JavaThread "InvokeLaterDispatcher"      daemon [_thread_blocked, id=6876, stack(0x0000008615300000,0x0000008615400000) (1024K)]
  0x0000021041845170 JavaThread "JavaFX Application Thread"         [_thread_in_native, id=9832, stack(0x0000008615400000,0x0000008615500000) (1024K)]
  0x00000210418430a0 JavaThread "Thread-1"                   daemon [_thread_in_native, id=9464, stack(0x0000008615600000,0x0000008615700000) (1024K)]
  0x0000021041846520 JavaThread "JavaFX-Launcher"                   [_thread_blocked, id=9460, stack(0x0000008615700000,0x0000008615800000) (1024K)]
  0x0000021041843730 JavaThread "Prism Font Disposer"        daemon [_thread_blocked, id=8204, stack(0x0000008615800000,0x0000008615900000) (1024K)]
  0x0000021041a65bf0 JavaThread "pool-2-thread-1"                   [_thread_blocked, id=9324, stack(0x0000008615900000,0x0000008615a00000) (1024K)]
  0x0000021041a620e0 JavaThread "pool-3-thread-1"                   [_thread_blocked, id=3548, stack(0x0000008615a00000,0x0000008615b00000) (1024K)]
  0x0000021041a641b0 JavaThread "pool-4-thread-1"                   [_thread_blocked, id=7920, stack(0x0000008615b00000,0x0000008615c00000) (1024K)]
  0x0000021041a60010 JavaThread "pool-5-thread-1"                   [_thread_blocked, id=9944, stack(0x0000008615c00000,0x0000008615d00000) (1024K)]
  0x0000021041a63b20 JavaThread "Cleaner-0"                  daemon [_thread_blocked, id=1036, stack(0x0000008615d00000,0x0000008615e00000) (1024K)]
=>0x000002108bff0b40 JavaThread "C2 CompilerThread1"         daemon [_thread_in_native, id=2336, stack(0x0000008613c00000,0x0000008613d00000) (1024K)]
Total: 23

Other Threads:
  0x000002104180c060 VMThread "VM Thread"                           [id=9260, stack(0x0000008614400000,0x0000008614500000) (1024K)]
  0x00000210417f4510 WatcherThread "VM Periodic Task Thread"        [id=9704, stack(0x0000008614300000,0x0000008614400000) (1024K)]
  0x0000021026d4eaf0 WorkerThread "GC Thread#0"                     [id=9244, stack(0x0000008613e00000,0x0000008613f00000) (1024K)]
  0x00000210873e6820 WorkerThread "GC Thread#1"                     [id=6556, stack(0x0000008614e00000,0x0000008614f00000) (1024K)]
  0x00000210875a0060 WorkerThread "GC Thread#2"                     [id=9308, stack(0x0000008615000000,0x0000008615100000) (1024K)]
  0x0000021041d3a630 WorkerThread "GC Thread#3"                     [id=8196, stack(0x0000008615100000,0x0000008615200000) (1024K)]
  0x0000021026d57810 ConcurrentGCThread "G1 Main Marker"            [id=6920, stack(0x0000008613f00000,0x0000008614000000) (1024K)]
  0x0000021026d58320 WorkerThread "G1 Conc#0"                       [id=4804, stack(0x0000008614000000,0x0000008614100000) (1024K)]
  0x0000021026db3f70 ConcurrentGCThread "G1 Refine#0"               [id=8452, stack(0x0000008614100000,0x0000008614200000) (1024K)]
  0x0000021026db8ac0 ConcurrentGCThread "G1 Service"                [id=9700, stack(0x0000008614200000,0x0000008614300000) (1024K)]
Total: 10

Threads with active compile tasks:
C2 CompilerThread0  27129819 13207       4       java.text.NumberFormat::getInstance (92 bytes)
C2 CompilerThread1  27129819 13197       4       sun.util.locale.provider.LocaleResources::getDecimalFormatSymbolsData (90 bytes)
Total: 2

VM state: not at safepoint (normal execution)

VM Mutex/Monitor currently owned by a thread: None

Heap address: 0x00000000c2400000, size: 988 MB, Compressed Oops mode: 32-bit

CDS archive(s) mapped at: [0x0000021042000000-0x0000021042c60000-0x0000021042c60000), size 12976128, SharedBaseAddress: 0x0000021042000000, ArchiveRelocationMode: 1.
Compressed class space mapped at: 0x0000021043000000-0x0000021083000000, reserved size: 1073741824
Narrow klass base: 0x0000021042000000, Narrow klass shift: 0, Narrow klass range: 0x41000000

GC Precious Log:
 CardTable entry size: 512
 Card Set container configuration: InlinePtr #cards 5 size 8 Array Of Cards #cards 12 size 40 Howl #buckets 4 coarsen threshold 1843 Howl Bitmap #cards 512 size 80 coarsen threshold 460 Card regions per heap region 1 cards per card region 2048
 CPUs: 4 total, 4 available
 Memory: 3947M
 Large Page Support: Disabled
 NUMA Support: Disabled
 Compressed Oops: Enabled (32-bit)
 Heap Region Size: 1M
 Heap Min Capacity: 8M
 Heap Initial Capacity: 62M
 Heap Max Capacity: 988M
 Pre-touch: Disabled
 Parallel Workers: 4
 Concurrent Workers: 1
 Concurrent Refinement Workers: 4
 Periodic GC: Disabled

Heap:
 garbage-first heap   total reserved 1011712K, committed 204800K, used 93575K [0x00000000c2400000, 0x0000000100000000)
  region size 1024K, 8 young (8192K), 2 survivors (2048K)
 Metaspace       used 30487K, committed 31104K, reserved 1114112K
  class space    used 4231K, committed 4480K, reserved 1048576K

Heap Regions: E=young(eden), S=young(survivor), O=old, HS=humongous(starts), HC=humongous(continues), CS=collection set, F=free, TAMS=top-at-mark-start, PB=parsable bottom
|   0|0x00000000c2400000, 0x00000000c2500000, 0x00000000c2500000|100%| O|  |TAMS 0x00000000c2400000| PB 0x00000000c2400000| Untracked |  0
|   1|0x00000000c2500000, 0x00000000c2600000, 0x00000000c2600000|100%| O|  |TAMS 0x00000000c2500000| PB 0x00000000c2500000| Untracked |  0
|   2|0x00000000c2600000, 0x00000000c2700000, 0x00000000c2700000|100%| O|  |TAMS 0x00000000c2600000| PB 0x00000000c2600000| Untracked |  0
|   3|0x00000000c2700000, 0x00000000c2800000, 0x00000000c2800000|100%| O|  |TAMS 0x00000000c2700000| PB 0x00000000c2700000| Untracked |  0
|   4|0x00000000c2800000, 0x00000000c2900000, 0x00000000c2900000|100%| O|  |TAMS 0x00000000c2800000| PB 0x00000000c2800000| Untracked |  0
|   5|0x00000000c2900000, 0x00000000c2a00000, 0x00000000c2a00000|100%| O|  |TAMS 0x00000000c2900000| PB 0x00000000c2900000| Untracked |  0
|   6|0x00000000c2a00000, 0x00000000c2b00000, 0x00000000c2b00000|100%| O|  |TAMS 0x00000000c2a00000| PB 0x00000000c2a00000| Untracked |  0
|   7|0x00000000c2b00000, 0x00000000c2c00000, 0x00000000c2c00000|100%| O|  |TAMS 0x00000000c2b00000| PB 0x00000000c2b00000| Untracked |  0
|   8|0x00000000c2c00000, 0x00000000c2d00000, 0x00000000c2d00000|100%| O|  |TAMS 0x00000000c2c00000| PB 0x00000000c2c00000| Untracked |  0
|   9|0x00000000c2d00000, 0x00000000c2e00000, 0x00000000c2e00000|100%| O|  |TAMS 0x00000000c2d00000| PB 0x00000000c2d00000| Untracked |  0
|  10|0x00000000c2e00000, 0x00000000c2f00000, 0x00000000c2f00000|100%| O|  |TAMS 0x00000000c2e00000| PB 0x00000000c2e00000| Untracked |  0
|  11|0x00000000c2f00000, 0x00000000c3000000, 0x00000000c3000000|100%| O|  |TAMS 0x00000000c2f00000| PB 0x00000000c2f00000| Untracked |  0
|  12|0x00000000c3000000, 0x00000000c3100000, 0x00000000c3100000|100%| O|  |TAMS 0x00000000c3000000| PB 0x00000000c3000000| Untracked |  0
|  13|0x00000000c3100000, 0x00000000c3200000, 0x00000000c3200000|100%| O|  |TAMS 0x00000000c3100000| PB 0x00000000c3100000| Untracked |  0
|  14|0x00000000c3200000, 0x00000000c3300000, 0x00000000c3300000|100%| O|  |TAMS 0x00000000c3200000| PB 0x00000000c3200000| Untracked |  0
|  15|0x00000000c3300000, 0x00000000c3400000, 0x00000000c3400000|100%| O|  |TAMS 0x00000000c3300000| PB 0x00000000c3300000| Untracked |  0
|  16|0x00000000c3400000, 0x00000000c3500000, 0x00000000c3500000|100%| O|  |TAMS 0x00000000c3400000| PB 0x00000000c3400000| Untracked |  0
|  17|0x00000000c3500000, 0x00000000c3600000, 0x00000000c3600000|100%| O|  |TAMS 0x00000000c3500000| PB 0x00000000c3500000| Untracked |  0
|  18|0x00000000c3600000, 0x00000000c3700000, 0x00000000c3700000|100%| O|  |TAMS 0x00000000c3600000| PB 0x00000000c3600000| Untracked |  0
|  19|0x00000000c3700000, 0x00000000c3800000, 0x00000000c3800000|100%| O|  |TAMS 0x00000000c3700000| PB 0x00000000c3700000| Untracked |  0
|  20|0x00000000c3800000, 0x00000000c3900000, 0x00000000c3900000|100%| O|  |TAMS 0x00000000c3800000| PB 0x00000000c3800000| Untracked |  0
|  21|0x00000000c3900000, 0x00000000c3a00000, 0x00000000c3a00000|100%| O|  |TAMS 0x00000000c3900000| PB 0x00000000c3900000| Untracked |  0
|  22|0x00000000c3a00000, 0x00000000c3b00000, 0x00000000c3b00000|100%| O|  |TAMS 0x00000000c3a00000| PB 0x00000000c3a00000| Untracked |  0
|  23|0x00000000c3b00000, 0x00000000c3c00000, 0x00000000c3c00000|100%| O|  |TAMS 0x00000000c3b00000| PB 0x00000000c3b00000| Untracked |  0
|  24|0x00000000c3c00000, 0x00000000c3d00000, 0x00000000c3d00000|100%| O|  |TAMS 0x00000000c3c00000| PB 0x00000000c3c00000| Untracked |  0
|  25|0x00000000c3d00000, 0x00000000c3e00000, 0x00000000c3e00000|100%| O|  |TAMS 0x00000000c3d00000| PB 0x00000000c3d00000| Untracked |  0
|  26|0x00000000c3e00000, 0x00000000c3f00000, 0x00000000c3f00000|100%| O|  |TAMS 0x00000000c3e00000| PB 0x00000000c3e00000| Untracked |  0
|  27|0x00000000c3f00000, 0x00000000c4000000, 0x00000000c4000000|100%| O|  |TAMS 0x00000000c3f00000| PB 0x00000000c3f00000| Untracked |  0
|  28|0x00000000c4000000, 0x00000000c4100000, 0x00000000c4100000|100%| O|  |TAMS 0x00000000c4000000| PB 0x00000000c4000000| Untracked |  0
|  29|0x00000000c4100000, 0x00000000c4200000, 0x00000000c4200000|100%| O|  |TAMS 0x00000000c4100000| PB 0x00000000c4100000| Untracked |  0
|  30|0x00000000c4200000, 0x00000000c4300000, 0x00000000c4300000|100%| O|  |TAMS 0x00000000c4200000| PB 0x00000000c4200000| Untracked |  0
|  31|0x00000000c4300000, 0x00000000c4400000, 0x00000000c4400000|100%| O|  |TAMS 0x00000000c4300000| PB 0x00000000c4300000| Untracked |  0
|  32|0x00000000c4400000, 0x00000000c4500000, 0x00000000c4500000|100%|HS|  |TAMS 0x00000000c4400000| PB 0x00000000c4400000| Complete |  0
|  33|0x00000000c4500000, 0x00000000c4600000, 0x00000000c4600000|100%|HC|  |TAMS 0x00000000c4500000| PB 0x00000000c4500000| Complete |  0
|  34|0x00000000c4600000, 0x00000000c4700000, 0x00000000c4700000|100%| O|  |TAMS 0x00000000c4600000| PB 0x00000000c4600000| Untracked |  0
|  35|0x00000000c4700000, 0x00000000c4800000, 0x00000000c4800000|100%| O|  |TAMS 0x00000000c4700000| PB 0x00000000c4700000| Untracked |  0
|  36|0x00000000c4800000, 0x00000000c4900000, 0x00000000c4900000|100%| O|  |TAMS 0x00000000c4800000| PB 0x00000000c4800000| Untracked |  0
|  37|0x00000000c4900000, 0x00000000c4a00000, 0x00000000c4a00000|100%| O|  |TAMS 0x00000000c4900000| PB 0x00000000c4900000| Untracked |  0
|  38|0x00000000c4a00000, 0x00000000c4b00000, 0x00000000c4b00000|100%| O|  |TAMS 0x00000000c4a00000| PB 0x00000000c4a00000| Untracked |  0
|  39|0x00000000c4b00000, 0x00000000c4c00000, 0x00000000c4c00000|100%| O|  |TAMS 0x00000000c4b00000| PB 0x00000000c4b00000| Untracked |  0
|  40|0x00000000c4c00000, 0x00000000c4d00000, 0x00000000c4d00000|100%| O|  |TAMS 0x00000000c4c00000| PB 0x00000000c4c00000| Untracked |  0
|  41|0x00000000c4d00000, 0x00000000c4e00000, 0x00000000c4e00000|100%| O|  |TAMS 0x00000000c4d00000| PB 0x00000000c4d00000| Untracked |  0
|  42|0x00000000c4e00000, 0x00000000c4f00000, 0x00000000c4f00000|100%| O|  |TAMS 0x00000000c4e00000| PB 0x00000000c4e00000| Untracked |  0
|  43|0x00000000c4f00000, 0x00000000c5000000, 0x00000000c5000000|100%| O|  |TAMS 0x00000000c4f00000| PB 0x00000000c4f00000| Untracked |  0
|  44|0x00000000c5000000, 0x00000000c5100000, 0x00000000c5100000|100%| O|  |TAMS 0x00000000c5000000| PB 0x00000000c5000000| Untracked |  0
|  45|0x00000000c5100000, 0x00000000c5200000, 0x00000000c5200000|100%| O|  |TAMS 0x00000000c5100000| PB 0x00000000c5100000| Untracked |  0
|  46|0x00000000c5200000, 0x00000000c5300000, 0x00000000c5300000|100%| O|  |TAMS 0x00000000c5200000| PB 0x00000000c5200000| Untracked |  0
|  47|0x00000000c5300000, 0x00000000c5400000, 0x00000000c5400000|100%| O|  |TAMS 0x00000000c5300000| PB 0x00000000c5300000| Untracked |  0
|  48|0x00000000c5400000, 0x00000000c5500000, 0x00000000c5500000|100%| O|  |TAMS 0x00000000c5400000| PB 0x00000000c5400000| Untracked |  0
|  49|0x00000000c5500000, 0x00000000c5600000, 0x00000000c5600000|100%| O|  |TAMS 0x00000000c5500000| PB 0x00000000c5500000| Untracked |  0
|  50|0x00000000c5600000, 0x00000000c5700000, 0x00000000c5700000|100%| O|  |TAMS 0x00000000c5600000| PB 0x00000000c5600000| Untracked |  0
|  51|0x00000000c5700000, 0x00000000c5800000, 0x00000000c5800000|100%| O|  |TAMS 0x00000000c5700000| PB 0x00000000c5700000| Untracked |  0
|  52|0x00000000c5800000, 0x00000000c5900000, 0x00000000c5900000|100%| O|  |TAMS 0x00000000c5800000| PB 0x00000000c5800000| Untracked |  0
|  53|0x00000000c5900000, 0x00000000c5a00000, 0x00000000c5a00000|100%| O|  |TAMS 0x00000000c5900000| PB 0x00000000c5900000| Untracked |  0
|  54|0x00000000c5a00000, 0x00000000c5b00000, 0x00000000c5b00000|100%| O|  |TAMS 0x00000000c5a00000| PB 0x00000000c5a00000| Untracked |  0
|  55|0x00000000c5b00000, 0x00000000c5c00000, 0x00000000c5c00000|100%| O|  |TAMS 0x00000000c5b00000| PB 0x00000000c5b00000| Untracked |  0
|  56|0x00000000c5c00000, 0x00000000c5d00000, 0x00000000c5d00000|100%| O|  |TAMS 0x00000000c5c00000| PB 0x00000000c5c00000| Untracked |  0
|  57|0x00000000c5d00000, 0x00000000c5e00000, 0x00000000c5e00000|100%| O|  |TAMS 0x00000000c5d00000| PB 0x00000000c5d00000| Untracked |  0
|  58|0x00000000c5e00000, 0x00000000c5f00000, 0x00000000c5f00000|100%| O|  |TAMS 0x00000000c5e00000| PB 0x00000000c5e00000| Untracked |  0
|  59|0x00000000c5f00000, 0x00000000c6000000, 0x00000000c6000000|100%| O|  |TAMS 0x00000000c5f00000| PB 0x00000000c5f00000| Untracked |  0
|  60|0x00000000c6000000, 0x00000000c6100000, 0x00000000c6100000|100%| O|  |TAMS 0x00000000c6000000| PB 0x00000000c6000000| Untracked |  0
|  61|0x00000000c6100000, 0x00000000c6200000, 0x00000000c6200000|100%| O|  |TAMS 0x00000000c6100000| PB 0x00000000c6100000| Untracked |  0
|  62|0x00000000c6200000, 0x00000000c6300000, 0x00000000c6300000|100%| O|  |TAMS 0x00000000c6200000| PB 0x00000000c6200000| Untracked |  0
|  63|0x00000000c6300000, 0x00000000c6400000, 0x00000000c6400000|100%| O|  |TAMS 0x00000000c6300000| PB 0x00000000c6300000| Untracked |  0
|  64|0x00000000c6400000, 0x00000000c6500000, 0x00000000c6500000|100%| O|Cm|TAMS 0x00000000c6400000| PB 0x00000000c6400000| Complete |  0
|  65|0x00000000c6500000, 0x00000000c6600000, 0x00000000c6600000|100%| O|  |TAMS 0x00000000c6500000| PB 0x00000000c6500000| Untracked |  0
|  66|0x00000000c6600000, 0x00000000c6700000, 0x00000000c6700000|100%| O|  |TAMS 0x00000000c6600000| PB 0x00000000c6600000| Untracked |  0
|  67|0x00000000c6700000, 0x00000000c6800000, 0x00000000c6800000|100%| O|  |TAMS 0x00000000c6700000| PB 0x00000000c6700000| Untracked |  0
|  68|0x00000000c6800000, 0x00000000c6900000, 0x00000000c6900000|100%| O|  |TAMS 0x00000000c6800000| PB 0x00000000c6800000| Untracked |  0
|  69|0x00000000c6900000, 0x00000000c6a00000, 0x00000000c6a00000|100%| O|  |TAMS 0x00000000c6900000| PB 0x00000000c6900000| Untracked |  0
|  70|0x00000000c6a00000, 0x00000000c6b00000, 0x00000000c6b00000|100%| O|Cm|TAMS 0x00000000c6a00000| PB 0x00000000c6a00000| Complete |  0
|  71|0x00000000c6b00000, 0x00000000c6c00000, 0x00000000c6c00000|100%| O|  |TAMS 0x00000000c6b00000| PB 0x00000000c6b00000| Untracked |  0
|  72|0x00000000c6c00000, 0x00000000c6d00000, 0x00000000c6d00000|100%| O|  |TAMS 0x00000000c6c00000| PB 0x00000000c6c00000| Untracked |  0
|  73|0x00000000c6d00000, 0x00000000c6e00000, 0x00000000c6e00000|100%| O|  |TAMS 0x00000000c6d00000| PB 0x00000000c6d00000| Untracked |  0
|  74|0x00000000c6e00000, 0x00000000c6f00000, 0x00000000c6f00000|100%| O|  |TAMS 0x00000000c6e00000| PB 0x00000000c6e00000| Untracked |  0
|  75|0x00000000c6f00000, 0x00000000c7000000, 0x00000000c7000000|100%| O|  |TAMS 0x00000000c6f00000| PB 0x00000000c6f00000| Untracked |  0
|  76|0x00000000c7000000, 0x00000000c7100000, 0x00000000c7100000|100%| O|  |TAMS 0x00000000c7000000| PB 0x00000000c7000000| Untracked |  0
|  77|0x00000000c7100000, 0x00000000c7200000, 0x00000000c7200000|100%| O|  |TAMS 0x00000000c7100000| PB 0x00000000c7100000| Untracked |  0
|  78|0x00000000c7200000, 0x00000000c7300000, 0x00000000c7300000|100%| O|  |TAMS 0x00000000c7200000| PB 0x00000000c7200000| Untracked |  0
|  79|0x00000000c7300000, 0x00000000c7400000, 0x00000000c7400000|100%| O|  |TAMS 0x00000000c7300000| PB 0x00000000c7300000| Untracked |  0
|  80|0x00000000c7400000, 0x00000000c7500000, 0x00000000c7500000|100%| O|  |TAMS 0x00000000c7400000| PB 0x00000000c7400000| Untracked |  0
|  81|0x00000000c7500000, 0x00000000c7600000, 0x00000000c7600000|100%| O|  |TAMS 0x00000000c7500000| PB 0x00000000c7500000| Untracked |  0
|  82|0x00000000c7600000, 0x00000000c7700000, 0x00000000c7700000|100%| O|  |TAMS 0x00000000c7600000| PB 0x00000000c7600000| Untracked |  0
|  83|0x00000000c7700000, 0x00000000c7800000, 0x00000000c7800000|100%| O|  |TAMS 0x00000000c7700000| PB 0x00000000c7700000| Untracked |  0
|  84|0x00000000c7800000, 0x00000000c7861cc8, 0x00000000c7900000| 38%| O|  |TAMS 0x00000000c7800000| PB 0x00000000c7800000| Untracked |  0
|  85|0x00000000c7900000, 0x00000000c7900000, 0x00000000c7a00000|  0%| F|  |TAMS 0x00000000c7900000| PB 0x00000000c7900000| Untracked |  0
|  86|0x00000000c7a00000, 0x00000000c7a00000, 0x00000000c7b00000|  0%| F|  |TAMS 0x00000000c7a00000| PB 0x00000000c7a00000| Untracked |  0
|  87|0x00000000c7b00000, 0x00000000c7b00000, 0x00000000c7c00000|  0%| F|  |TAMS 0x00000000c7b00000| PB 0x00000000c7b00000| Untracked |  0
|  88|0x00000000c7c00000, 0x00000000c7c00000, 0x00000000c7d00000|  0%| F|  |TAMS 0x00000000c7c00000| PB 0x00000000c7c00000| Untracked |  0
|  89|0x00000000c7d00000, 0x00000000c7d00000, 0x00000000c7e00000|  0%| F|  |TAMS 0x00000000c7d00000| PB 0x00000000c7d00000| Untracked |  0
|  90|0x00000000c7e00000, 0x00000000c7e00000, 0x00000000c7f00000|  0%| F|  |TAMS 0x00000000c7e00000| PB 0x00000000c7e00000| Untracked |  0
|  91|0x00000000c7f00000, 0x00000000c7f00000, 0x00000000c8000000|  0%| F|  |TAMS 0x00000000c7f00000| PB 0x00000000c7f00000| Untracked |  0
|  92|0x00000000c8000000, 0x00000000c8000000, 0x00000000c8100000|  0%| F|  |TAMS 0x00000000c8000000| PB 0x00000000c8000000| Untracked |  0
|  93|0x00000000c8100000, 0x00000000c8100000, 0x00000000c8200000|  0%| F|  |TAMS 0x00000000c8100000| PB 0x00000000c8100000| Untracked |  0
|  94|0x00000000c8200000, 0x00000000c8200000, 0x00000000c8300000|  0%| F|  |TAMS 0x00000000c8200000| PB 0x00000000c8200000| Untracked |  0
|  95|0x00000000c8300000, 0x00000000c8300000, 0x00000000c8400000|  0%| F|  |TAMS 0x00000000c8300000| PB 0x00000000c8300000| Untracked |  0
|  96|0x00000000c8400000, 0x00000000c8400000, 0x00000000c8500000|  0%| F|  |TAMS 0x00000000c8400000| PB 0x00000000c8400000| Untracked |  0
|  97|0x00000000c8500000, 0x00000000c8500000, 0x00000000c8600000|  0%| F|  |TAMS 0x00000000c8500000| PB 0x00000000c8500000| Untracked |  0
|  98|0x00000000c8600000, 0x00000000c8600000, 0x00000000c8700000|  0%| F|  |TAMS 0x00000000c8600000| PB 0x00000000c8600000| Untracked |  0
|  99|0x00000000c8700000, 0x00000000c8700000, 0x00000000c8800000|  0%| F|  |TAMS 0x00000000c8700000| PB 0x00000000c8700000| Untracked |  0
| 100|0x00000000c8800000, 0x00000000c8800000, 0x00000000c8900000|  0%| F|  |TAMS 0x00000000c8800000| PB 0x00000000c8800000| Untracked |  0
| 101|0x00000000c8900000, 0x00000000c8900000, 0x00000000c8a00000|  0%| F|  |TAMS 0x00000000c8900000| PB 0x00000000c8900000| Untracked |  0
| 102|0x00000000c8a00000, 0x00000000c8a00000, 0x00000000c8b00000|  0%| F|  |TAMS 0x00000000c8a00000| PB 0x00000000c8a00000| Untracked |  0
| 103|0x00000000c8b00000, 0x00000000c8b00000, 0x00000000c8c00000|  0%| F|  |TAMS 0x00000000c8b00000| PB 0x00000000c8b00000| Untracked |  0
| 104|0x00000000c8c00000, 0x00000000c8c00000, 0x00000000c8d00000|  0%| F|  |TAMS 0x00000000c8c00000| PB 0x00000000c8c00000| Untracked |  0
| 105|0x00000000c8d00000, 0x00000000c8d00000, 0x00000000c8e00000|  0%| F|  |TAMS 0x00000000c8d00000| PB 0x00000000c8d00000| Untracked |  0
| 106|0x00000000c8e00000, 0x00000000c8e00000, 0x00000000c8f00000|  0%| F|  |TAMS 0x00000000c8e00000| PB 0x00000000c8e00000| Untracked |  0
| 107|0x00000000c8f00000, 0x00000000c8f00000, 0x00000000c9000000|  0%| F|  |TAMS 0x00000000c8f00000| PB 0x00000000c8f00000| Untracked |  0
| 108|0x00000000c9000000, 0x00000000c9000000, 0x00000000c9100000|  0%| F|  |TAMS 0x00000000c9000000| PB 0x00000000c9000000| Untracked |  0
| 109|0x00000000c9100000, 0x00000000c9100000, 0x00000000c9200000|  0%| F|  |TAMS 0x00000000c9100000| PB 0x00000000c9100000| Untracked |  0
| 110|0x00000000c9200000, 0x00000000c9200000, 0x00000000c9300000|  0%| F|  |TAMS 0x00000000c9200000| PB 0x00000000c9200000| Untracked |  0
| 111|0x00000000c9300000, 0x00000000c9300000, 0x00000000c9400000|  0%| F|  |TAMS 0x00000000c9300000| PB 0x00000000c9300000| Untracked |  0
| 112|0x00000000c9400000, 0x00000000c9400000, 0x00000000c9500000|  0%| F|  |TAMS 0x00000000c9400000| PB 0x00000000c9400000| Untracked |  0
| 113|0x00000000c9500000, 0x00000000c9500000, 0x00000000c9600000|  0%| F|  |TAMS 0x00000000c9500000| PB 0x00000000c9500000| Untracked |  0
| 114|0x00000000c9600000, 0x00000000c9600000, 0x00000000c9700000|  0%| F|  |TAMS 0x00000000c9600000| PB 0x00000000c9600000| Untracked |  0
| 115|0x00000000c9700000, 0x00000000c9700000, 0x00000000c9800000|  0%| F|  |TAMS 0x00000000c9700000| PB 0x00000000c9700000| Untracked |  0
| 116|0x00000000c9800000, 0x00000000c9800000, 0x00000000c9900000|  0%| F|  |TAMS 0x00000000c9800000| PB 0x00000000c9800000| Untracked |  0
| 117|0x00000000c9900000, 0x00000000c9900000, 0x00000000c9a00000|  0%| F|  |TAMS 0x00000000c9900000| PB 0x00000000c9900000| Untracked |  0
| 118|0x00000000c9a00000, 0x00000000c9a00000, 0x00000000c9b00000|  0%| F|  |TAMS 0x00000000c9a00000| PB 0x00000000c9a00000| Untracked |  0
| 119|0x00000000c9b00000, 0x00000000c9b00000, 0x00000000c9c00000|  0%| F|  |TAMS 0x00000000c9b00000| PB 0x00000000c9b00000| Untracked |  0
| 120|0x00000000c9c00000, 0x00000000c9c00000, 0x00000000c9d00000|  0%| F|  |TAMS 0x00000000c9c00000| PB 0x00000000c9c00000| Untracked |  0
| 121|0x00000000c9d00000, 0x00000000c9d00000, 0x00000000c9e00000|  0%| F|  |TAMS 0x00000000c9d00000| PB 0x00000000c9d00000| Untracked |  0
| 122|0x00000000c9e00000, 0x00000000c9e00000, 0x00000000c9f00000|  0%| F|  |TAMS 0x00000000c9e00000| PB 0x00000000c9e00000| Untracked |  0
| 123|0x00000000c9f00000, 0x00000000c9f00000, 0x00000000ca000000|  0%| F|  |TAMS 0x00000000c9f00000| PB 0x00000000c9f00000| Untracked |  0
| 124|0x00000000ca000000, 0x00000000ca000000, 0x00000000ca100000|  0%| F|  |TAMS 0x00000000ca000000| PB 0x00000000ca000000| Untracked |  0
| 125|0x00000000ca100000, 0x00000000ca100000, 0x00000000ca200000|  0%| F|  |TAMS 0x00000000ca100000| PB 0x00000000ca100000| Untracked |  0
| 126|0x00000000ca200000, 0x00000000ca200000, 0x00000000ca300000|  0%| F|  |TAMS 0x00000000ca200000| PB 0x00000000ca200000| Untracked |  0
| 127|0x00000000ca300000, 0x00000000ca300000, 0x00000000ca400000|  0%| F|  |TAMS 0x00000000ca300000| PB 0x00000000ca300000| Untracked |  0
| 128|0x00000000ca400000, 0x00000000ca400000, 0x00000000ca500000|  0%| F|  |TAMS 0x00000000ca400000| PB 0x00000000ca400000| Untracked |  0
| 129|0x00000000ca500000, 0x00000000ca500000, 0x00000000ca600000|  0%| F|  |TAMS 0x00000000ca500000| PB 0x00000000ca500000| Untracked |  0
| 130|0x00000000ca600000, 0x00000000ca600000, 0x00000000ca700000|  0%| F|  |TAMS 0x00000000ca600000| PB 0x00000000ca600000| Untracked |  0
| 131|0x00000000ca700000, 0x00000000ca700000, 0x00000000ca800000|  0%| F|  |TAMS 0x00000000ca700000| PB 0x00000000ca700000| Untracked |  0
| 132|0x00000000ca800000, 0x00000000ca800000, 0x00000000ca900000|  0%| F|  |TAMS 0x00000000ca800000| PB 0x00000000ca800000| Untracked |  0
| 133|0x00000000ca900000, 0x00000000ca900000, 0x00000000caa00000|  0%| F|  |TAMS 0x00000000ca900000| PB 0x00000000ca900000| Untracked |  0
| 134|0x00000000caa00000, 0x00000000caa00000, 0x00000000cab00000|  0%| F|  |TAMS 0x00000000caa00000| PB 0x00000000caa00000| Untracked |  0
| 135|0x00000000cab00000, 0x00000000cab00000, 0x00000000cac00000|  0%| F|  |TAMS 0x00000000cab00000| PB 0x00000000cab00000| Untracked |  0
| 136|0x00000000cac00000, 0x00000000cac00000, 0x00000000cad00000|  0%| F|  |TAMS 0x00000000cac00000| PB 0x00000000cac00000| Untracked |  0
| 137|0x00000000cad00000, 0x00000000cad00000, 0x00000000cae00000|  0%| F|  |TAMS 0x00000000cad00000| PB 0x00000000cad00000| Untracked |  0
| 138|0x00000000cae00000, 0x00000000cae00000, 0x00000000caf00000|  0%| F|  |TAMS 0x00000000cae00000| PB 0x00000000cae00000| Untracked |  0
| 139|0x00000000caf00000, 0x00000000caf00000, 0x00000000cb000000|  0%| F|  |TAMS 0x00000000caf00000| PB 0x00000000caf00000| Untracked |  0
| 140|0x00000000cb000000, 0x00000000cb000000, 0x00000000cb100000|  0%| F|  |TAMS 0x00000000cb000000| PB 0x00000000cb000000| Untracked |  0
| 141|0x00000000cb100000, 0x00000000cb100000, 0x00000000cb200000|  0%| F|  |TAMS 0x00000000cb100000| PB 0x00000000cb100000| Untracked |  0
| 142|0x00000000cb200000, 0x00000000cb200000, 0x00000000cb300000|  0%| F|  |TAMS 0x00000000cb200000| PB 0x00000000cb200000| Untracked |  0
| 143|0x00000000cb300000, 0x00000000cb300000, 0x00000000cb400000|  0%| F|  |TAMS 0x00000000cb300000| PB 0x00000000cb300000| Untracked |  0
| 144|0x00000000cb400000, 0x00000000cb400000, 0x00000000cb500000|  0%| F|  |TAMS 0x00000000cb400000| PB 0x00000000cb400000| Untracked |  0
| 145|0x00000000cb500000, 0x00000000cb500000, 0x00000000cb600000|  0%| F|  |TAMS 0x00000000cb500000| PB 0x00000000cb500000| Untracked |  0
| 146|0x00000000cb600000, 0x00000000cb600000, 0x00000000cb700000|  0%| F|  |TAMS 0x00000000cb600000| PB 0x00000000cb600000| Untracked |  0
| 147|0x00000000cb700000, 0x00000000cb700000, 0x00000000cb800000|  0%| F|  |TAMS 0x00000000cb700000| PB 0x00000000cb700000| Untracked |  0
| 148|0x00000000cb800000, 0x00000000cb800000, 0x00000000cb900000|  0%| F|  |TAMS 0x00000000cb800000| PB 0x00000000cb800000| Untracked |  0
| 149|0x00000000cb900000, 0x00000000cb900000, 0x00000000cba00000|  0%| F|  |TAMS 0x00000000cb900000| PB 0x00000000cb900000| Untracked |  0
| 150|0x00000000cba00000, 0x00000000cba00000, 0x00000000cbb00000|  0%| F|  |TAMS 0x00000000cba00000| PB 0x00000000cba00000| Untracked |  0
| 151|0x00000000cbb00000, 0x00000000cbb00000, 0x00000000cbc00000|  0%| F|  |TAMS 0x00000000cbb00000| PB 0x00000000cbb00000| Untracked |  0
| 152|0x00000000cbc00000, 0x00000000cbc00000, 0x00000000cbd00000|  0%| F|  |TAMS 0x00000000cbc00000| PB 0x00000000cbc00000| Untracked |  0
| 153|0x00000000cbd00000, 0x00000000cbd00000, 0x00000000cbe00000|  0%| F|  |TAMS 0x00000000cbd00000| PB 0x00000000cbd00000| Untracked |  0
| 154|0x00000000cbe00000, 0x00000000cbe00000, 0x00000000cbf00000|  0%| F|  |TAMS 0x00000000cbe00000| PB 0x00000000cbe00000| Untracked |  0
| 155|0x00000000cbf00000, 0x00000000cbf00000, 0x00000000cc000000|  0%| F|  |TAMS 0x00000000cbf00000| PB 0x00000000cbf00000| Untracked |  0
| 156|0x00000000cc000000, 0x00000000cc000000, 0x00000000cc100000|  0%| F|  |TAMS 0x00000000cc000000| PB 0x00000000cc000000| Untracked |  0
| 157|0x00000000cc100000, 0x00000000cc100000, 0x00000000cc200000|  0%| F|  |TAMS 0x00000000cc100000| PB 0x00000000cc100000| Untracked |  0
| 158|0x00000000cc200000, 0x00000000cc200000, 0x00000000cc300000|  0%| F|  |TAMS 0x00000000cc200000| PB 0x00000000cc200000| Untracked |  0
| 159|0x00000000cc300000, 0x00000000cc300000, 0x00000000cc400000|  0%| F|  |TAMS 0x00000000cc300000| PB 0x00000000cc300000| Untracked |  0
| 160|0x00000000cc400000, 0x00000000cc400000, 0x00000000cc500000|  0%| F|  |TAMS 0x00000000cc400000| PB 0x00000000cc400000| Untracked |  0
| 161|0x00000000cc500000, 0x00000000cc500000, 0x00000000cc600000|  0%| F|  |TAMS 0x00000000cc500000| PB 0x00000000cc500000| Untracked |  0
| 162|0x00000000cc600000, 0x00000000cc600000, 0x00000000cc700000|  0%| F|  |TAMS 0x00000000cc600000| PB 0x00000000cc600000| Untracked |  0
| 163|0x00000000cc700000, 0x00000000cc700000, 0x00000000cc800000|  0%| F|  |TAMS 0x00000000cc700000| PB 0x00000000cc700000| Untracked |  0
| 164|0x00000000cc800000, 0x00000000cc800000, 0x00000000cc900000|  0%| F|  |TAMS 0x00000000cc800000| PB 0x00000000cc800000| Untracked |  0
| 165|0x00000000cc900000, 0x00000000cc900000, 0x00000000cca00000|  0%| F|  |TAMS 0x00000000cc900000| PB 0x00000000cc900000| Untracked |  0
| 166|0x00000000cca00000, 0x00000000cca00000, 0x00000000ccb00000|  0%| F|  |TAMS 0x00000000cca00000| PB 0x00000000cca00000| Untracked |  0
| 167|0x00000000ccb00000, 0x00000000ccb00000, 0x00000000ccc00000|  0%| F|  |TAMS 0x00000000ccb00000| PB 0x00000000ccb00000| Untracked |  0
| 168|0x00000000ccc00000, 0x00000000ccc00000, 0x00000000ccd00000|  0%| F|  |TAMS 0x00000000ccc00000| PB 0x00000000ccc00000| Untracked |  0
| 169|0x00000000ccd00000, 0x00000000ccd00000, 0x00000000cce00000|  0%| F|  |TAMS 0x00000000ccd00000| PB 0x00000000ccd00000| Untracked |  0
| 170|0x00000000cce00000, 0x00000000cce00000, 0x00000000ccf00000|  0%| F|  |TAMS 0x00000000cce00000| PB 0x00000000cce00000| Untracked |  0
| 171|0x00000000ccf00000, 0x00000000ccf00000, 0x00000000cd000000|  0%| F|  |TAMS 0x00000000ccf00000| PB 0x00000000ccf00000| Untracked |  0
| 172|0x00000000cd000000, 0x00000000cd000000, 0x00000000cd100000|  0%| F|  |TAMS 0x00000000cd000000| PB 0x00000000cd000000| Untracked |  0
| 173|0x00000000cd100000, 0x00000000cd100000, 0x00000000cd200000|  0%| F|  |TAMS 0x00000000cd100000| PB 0x00000000cd100000| Untracked |  0
| 174|0x00000000cd200000, 0x00000000cd200000, 0x00000000cd300000|  0%| F|  |TAMS 0x00000000cd200000| PB 0x00000000cd200000| Untracked |  0
| 175|0x00000000cd300000, 0x00000000cd300000, 0x00000000cd400000|  0%| F|  |TAMS 0x00000000cd300000| PB 0x00000000cd300000| Untracked |  0
| 176|0x00000000cd400000, 0x00000000cd400000, 0x00000000cd500000|  0%| F|  |TAMS 0x00000000cd400000| PB 0x00000000cd400000| Untracked |  0
| 177|0x00000000cd500000, 0x00000000cd500000, 0x00000000cd600000|  0%| F|  |TAMS 0x00000000cd500000| PB 0x00000000cd500000| Untracked |  0
| 178|0x00000000cd600000, 0x00000000cd600000, 0x00000000cd700000|  0%| F|  |TAMS 0x00000000cd600000| PB 0x00000000cd600000| Untracked |  0
| 179|0x00000000cd700000, 0x00000000cd700000, 0x00000000cd800000|  0%| F|  |TAMS 0x00000000cd700000| PB 0x00000000cd700000| Untracked |  0
| 180|0x00000000cd800000, 0x00000000cd800000, 0x00000000cd900000|  0%| F|  |TAMS 0x00000000cd800000| PB 0x00000000cd800000| Untracked |  0
| 181|0x00000000cd900000, 0x00000000cd900000, 0x00000000cda00000|  0%| F|  |TAMS 0x00000000cd900000| PB 0x00000000cd900000| Untracked |  0
| 182|0x00000000cda00000, 0x00000000cda00000, 0x00000000cdb00000|  0%| F|  |TAMS 0x00000000cda00000| PB 0x00000000cda00000| Untracked |  0
| 183|0x00000000cdb00000, 0x00000000cdb00000, 0x00000000cdc00000|  0%| F|  |TAMS 0x00000000cdb00000| PB 0x00000000cdb00000| Untracked |  0
| 184|0x00000000cdc00000, 0x00000000cdc00000, 0x00000000cdd00000|  0%| F|  |TAMS 0x00000000cdc00000| PB 0x00000000cdc00000| Untracked |  0
| 185|0x00000000cdd00000, 0x00000000cdd00000, 0x00000000cde00000|  0%| F|  |TAMS 0x00000000cdd00000| PB 0x00000000cdd00000| Untracked |  0
| 186|0x00000000cde00000, 0x00000000cde00000, 0x00000000cdf00000|  0%| F|  |TAMS 0x00000000cde00000| PB 0x00000000cde00000| Untracked |  0
| 187|0x00000000cdf00000, 0x00000000cdf00000, 0x00000000ce000000|  0%| F|  |TAMS 0x00000000cdf00000| PB 0x00000000cdf00000| Untracked |  0
| 188|0x00000000ce000000, 0x00000000ce000000, 0x00000000ce100000|  0%| F|  |TAMS 0x00000000ce000000| PB 0x00000000ce000000| Untracked |  0
| 189|0x00000000ce100000, 0x00000000ce200000, 0x00000000ce200000|100%| S|CS|TAMS 0x00000000ce100000| PB 0x00000000ce100000| Complete |  0
| 190|0x00000000ce200000, 0x00000000ce300000, 0x00000000ce300000|100%| S|CS|TAMS 0x00000000ce200000| PB 0x00000000ce200000| Complete |  0
| 191|0x00000000ce300000, 0x00000000ce300000, 0x00000000ce400000|  0%| F|  |TAMS 0x00000000ce300000| PB 0x00000000ce300000| Untracked |  0
| 192|0x00000000ce400000, 0x00000000ce400000, 0x00000000ce500000|  0%| F|  |TAMS 0x00000000ce400000| PB 0x00000000ce400000| Untracked |  0
| 193|0x00000000ce500000, 0x00000000ce500000, 0x00000000ce600000|  0%| F|  |TAMS 0x00000000ce500000| PB 0x00000000ce500000| Untracked |  0
| 194|0x00000000ce600000, 0x00000000ce660290, 0x00000000ce700000| 37%| E|  |TAMS 0x00000000ce600000| PB 0x00000000ce600000| Complete |  0
| 195|0x00000000ce700000, 0x00000000ce800000, 0x00000000ce800000|100%| E|CS|TAMS 0x00000000ce700000| PB 0x00000000ce700000| Complete |  0
| 196|0x00000000ce800000, 0x00000000ce900000, 0x00000000ce900000|100%| E|CS|TAMS 0x00000000ce800000| PB 0x00000000ce800000| Complete |  0
| 258|0x00000000d2600000, 0x00000000d2700000, 0x00000000d2700000|100%| E|CS|TAMS 0x00000000d2600000| PB 0x00000000d2600000| Complete |  0
| 986|0x00000000ffe00000, 0x00000000fff00000, 0x00000000fff00000|100%| E|CS|TAMS 0x00000000ffe00000| PB 0x00000000ffe00000| Complete |  0
| 987|0x00000000fff00000, 0x0000000100000000, 0x0000000100000000|100%| E|CS|TAMS 0x00000000fff00000| PB 0x00000000fff00000| Complete |  0

Card table byte_map: [0x000002103e240000,0x000002103e430000] _byte_map_base: 0x000002103dc2e000

Marking Bits: (CMBitMap*) 0x0000021026d4f200
 Bits: [0x000002103e430000, 0x000002103f3a0000)

Polling page: 0x0000021024e70000

Metaspace:

Usage:
  Non-class:     25.64 MB used.
      Class:      4.13 MB used.
       Both:     29.77 MB used.

Virtual space:
  Non-class space:       64.00 MB reserved,      26.00 MB ( 41%) committed,  1 nodes.
      Class space:        1.00 GB reserved,       4.38 MB ( <1%) committed,  1 nodes.
             Both:        1.06 GB reserved,      30.38 MB (  3%) committed. 

Chunk freelists:
   Non-Class:  5.63 MB
       Class:  11.65 MB
        Both:  17.28 MB

MaxMetaspaceSize: unlimited
CompressedClassSpaceSize: 1.00 GB
Initial GC threshold: 21.00 MB
Current GC threshold: 50.44 MB
CDS: on
 - commit_granule_bytes: 65536.
 - commit_granule_words: 8192.
 - virtual_space_node_default_size: 8388608.
 - enlarge_chunks_in_place: 1.
 - use_allocation_guard: 0.


Internal statistics:

num_allocs_failed_limit: 6.
num_arena_births: 536.
num_arena_deaths: 212.
num_vsnodes_births: 2.
num_vsnodes_deaths: 0.
num_space_committed: 485.
num_space_uncommitted: 0.
num_chunks_returned_to_freelist: 244.
num_chunks_taken_from_freelist: 1529.
num_chunk_merges: 59.
num_chunk_splits: 1042.
num_chunks_enlarged: 785.
num_inconsistent_stats: 0.

CodeHeap 'non-profiled nmethods': size=120000Kb used=7531Kb max_used=13215Kb free=112468Kb
 bounds [0x0000021036b20000, 0x0000021037810000, 0x000002103e050000]
CodeHeap 'profiled nmethods': size=120000Kb used=1475Kb max_used=16637Kb free=118524Kb
 bounds [0x000002102f050000, 0x0000021030100000, 0x0000021036580000]
CodeHeap 'non-nmethods': size=5760Kb used=1957Kb max_used=2007Kb free=3802Kb
 bounds [0x0000021036580000, 0x00000210367f0000, 0x0000021036b20000]
 total_blobs=3116 nmethods=2180 adapters=839
 compilation: enabled
              stopped_count=0, restarted_count=0
 full_count=0

Compilation events (20 events):
Event: 27125.399 Thread 0x0000021041847b30 13189       4       org.sqlite.jdbc4.JDBC4Connection::isClosed (5 bytes)
Event: 27125.400 Thread 0x0000021041847b30 nmethod 13189 0x0000021036d4e410 code [0x0000021036d4e5a0, 0x0000021036d4e660]
Event: 27125.401 Thread 0x000002108bff0b40 nmethod 13190 0x0000021036db3690 code [0x0000021036db3820, 0x0000021036db38e0]
Event: 27125.401 Thread 0x0000021041847b30 13191       4       org.sqlite.core.DB::isClosed (8 bytes)
Event: 27125.401 Thread 0x0000021041847b30 nmethod 13191 0x0000021036be9390 code [0x0000021036be9500, 0x0000021036be95a8]
Event: 27125.417 Thread 0x0000021041848990 13192       3       org.sqlite.core.CoreStatement::internalClose (81 bytes)
Event: 27125.417 Thread 0x0000021041847b30 13193       4       java.lang.invoke.Invokers$Holder::linkToTargetMethod (10 bytes)
Event: 27125.418 Thread 0x0000021041848990 nmethod 13192 0x000002102fc61b90 code [0x000002102fc61de0, 0x000002102fc62738]
Event: 27125.419 Thread 0x0000021041847b30 nmethod 13193 0x0000021036e8ba10 code [0x0000021036e8bba0, 0x0000021036e8bca0]
Event: 27125.422 Thread 0x0000021041847b30 13194       4       java.lang.invoke.LambdaForm$MH/0x000002104301b000::invoke (110 bytes)
Event: 27125.425 Thread 0x0000021041847b30 nmethod 13194 0x0000021036cd4e10 code [0x0000021036cd5020, 0x0000021036cd5388]
Event: 27125.473 Thread 0x000002108bff0b40 13195       4       sun.util.locale.provider.LocaleResources::removeEmptyReferences (33 bytes)
Event: 27125.476 Thread 0x0000021041847b30 13196       4       java.lang.invoke.LambdaForm$MH/0x000002104301a800::invoke (46 bytes)
Event: 27125.477 Thread 0x000002108bff0b40 nmethod 13195 0x0000021036b6ad90 code [0x0000021036b6afa0, 0x0000021036b6b340]
Event: 27125.478 Thread 0x000002108bff0b40 13197       4       sun.util.locale.provider.LocaleResources::getDecimalFormatSymbolsData (90 bytes)
Event: 27125.479 Thread 0x0000021041847b30 nmethod 13196 0x0000021036b4ab10 code [0x0000021036b4acc0, 0x0000021036b4ae78]
Event: 27125.480 Thread 0x0000021041848990 13199       3       java.util.concurrent.ConcurrentHashMap::remove (8 bytes)
Event: 27125.480 Thread 0x0000021041848990 nmethod 13199 0x000002102f1c3810 code [0x000002102f1c39c0, 0x000002102f1c3b10]
Event: 27125.480 Thread 0x0000021041848990 13198   !   3       org.sqlite.core.SafeStmtPtr::internalClose (75 bytes)
Event: 27125.481 Thread 0x0000021041848990 nmethod 13198 0x000002102f179d90 code [0x000002102f179f60, 0x000002102f17a2f0]

GC Heap History (20 events):
Event: 16211.576 GC heap before
{Heap before GC invocations=753 (full 0):
 garbage-first heap   total reserved 1011712K, committed 204800K, used 75127K [0x00000000c2400000, 0x0000000100000000)
  region size 1024K, 10 young (10240K), 2 survivors (2048K)
 Metaspace       used 30477K, committed 31040K, reserved 1114112K
  class space    used 4231K, committed 4480K, reserved 1048576K
}
Event: 16211.718 GC heap after
{Heap after GC invocations=754 (full 0):
 garbage-first heap   total reserved 1011712K, committed 204800K, used 69204K [0x00000000c2400000, 0x0000000100000000)
  region size 1024K, 2 young (2048K), 2 survivors (2048K)
 Metaspace       used 30477K, committed 31040K, reserved 1114112K
  class space    used 4231K, committed 4480K, reserved 1048576K
}
Event: 16212.201 GC heap before
{Heap before GC invocations=755 (full 0):
 garbage-first heap   total reserved 1011712K, committed 204800K, used 77396K [0x00000000c2400000, 0x0000000100000000)
  region size 1024K, 10 young (10240K), 2 survivors (2048K)
 Metaspace       used 30477K, committed 31040K, reserved 1114112K
  class space    used 4231K, committed 4480K, reserved 1048576K
}
Event: 16212.208 GC heap after
{Heap after GC invocations=756 (full 0):
 garbage-first heap   total reserved 1011712K, committed 204800K, used 71389K [0x00000000c2400000, 0x0000000100000000)
  region size 1024K, 2 young (2048K), 2 survivors (2048K)
 Metaspace       used 30477K, committed 31040K, reserved 1114112K
  class space    used 4231K, committed 4480K, reserved 1048576K
}
Event: 16214.666 GC heap before
{Heap before GC invocations=756 (full 0):
 garbage-first heap   total reserved 1011712K, committed 204800K, used 79581K [0x00000000c2400000, 0x0000000100000000)
  region size 1024K, 10 young (10240K), 2 survivors (2048K)
 Metaspace       used 30477K, committed 31040K, reserved 1114112K
  class space    used 4231K, committed 4480K, reserved 1048576K
}
Event: 16214.675 GC heap after
{Heap after GC invocations=757 (full 0):
 garbage-first heap   total reserved 1011712K, committed 204800K, used 73312K [0x00000000c2400000, 0x0000000100000000)
  region size 1024K, 2 young (2048K), 2 survivors (2048K)
 Metaspace       used 30477K, committed 31040K, reserved 1114112K
  class space    used 4231K, committed 4480K, reserved 1048576K
}
Event: 16215.234 GC heap before
{Heap before GC invocations=757 (full 0):
 garbage-first heap   total reserved 1011712K, committed 204800K, used 81504K [0x00000000c2400000, 0x0000000100000000)
  region size 1024K, 10 young (10240K), 2 survivors (2048K)
 Metaspace       used 30477K, committed 31040K, reserved 1114112K
  class space    used 4231K, committed 4480K, reserved 1048576K
}
Event: 16215.241 GC heap after
{Heap after GC invocations=758 (full 0):
 garbage-first heap   total reserved 1011712K, committed 204800K, used 75503K [0x00000000c2400000, 0x0000000100000000)
  region size 1024K, 2 young (2048K), 2 survivors (2048K)
 Metaspace       used 30477K, committed 31040K, reserved 1114112K
  class space    used 4231K, committed 4480K, reserved 1048576K
}
Event: 16215.732 GC heap before
{Heap before GC invocations=758 (full 0):
 garbage-first heap   total reserved 1011712K, committed 204800K, used 83695K [0x00000000c2400000, 0x0000000100000000)
  region size 1024K, 10 young (10240K), 2 survivors (2048K)
 Metaspace       used 30477K, committed 31040K, reserved 1114112K
  class space    used 4231K, committed 4480K, reserved 1048576K
}
Event: 16215.740 GC heap after
{Heap after GC invocations=759 (full 0):
 garbage-first heap   total reserved 1011712K, committed 204800K, used 77824K [0x00000000c2400000, 0x0000000100000000)
  region size 1024K, 2 young (2048K), 2 survivors (2048K)
 Metaspace       used 30477K, committed 31040K, reserved 1114112K
  class space    used 4231K, committed 4480K, reserved 1048576K
}
Event: 16216.784 GC heap before
{Heap before GC invocations=760 (full 0):
 garbage-first heap   total reserved 1011712K, committed 204800K, used 86016K [0x00000000c2400000, 0x0000000100000000)
  region size 1024K, 10 young (10240K), 2 survivors (2048K)
 Metaspace       used 30477K, committed 31040K, reserved 1114112K
  class space    used 4231K, committed 4480K, reserved 1048576K
}
Event: 16216.792 GC heap after
{Heap after GC invocations=761 (full 0):
 garbage-first heap   total reserved 1011712K, committed 204800K, used 79978K [0x00000000c2400000, 0x0000000100000000)
  region size 1024K, 2 young (2048K), 2 survivors (2048K)
 Metaspace       used 30477K, committed 31040K, reserved 1114112K
  class space    used 4231K, committed 4480K, reserved 1048576K
}
Event: 16217.298 GC heap before
{Heap before GC invocations=761 (full 0):
 garbage-first heap   total reserved 1011712K, committed 204800K, used 88170K [0x00000000c2400000, 0x0000000100000000)
  region size 1024K, 10 young (10240K), 2 survivors (2048K)
 Metaspace       used 30477K, committed 31040K, reserved 1114112K
  class space    used 4231K, committed 4480K, reserved 1048576K
}
Event: 16217.306 GC heap after
{Heap after GC invocations=762 (full 0):
 garbage-first heap   total reserved 1011712K, committed 204800K, used 82320K [0x00000000c2400000, 0x0000000100000000)
  region size 1024K, 2 young (2048K), 2 survivors (2048K)
 Metaspace       used 30477K, committed 31040K, reserved 1114112K
  class space    used 4231K, committed 4480K, reserved 1048576K
}
Event: 16217.883 GC heap before
{Heap before GC invocations=762 (full 0):
 garbage-first heap   total reserved 1011712K, committed 204800K, used 90512K [0x00000000c2400000, 0x0000000100000000)
  region size 1024K, 10 young (10240K), 2 survivors (2048K)
 Metaspace       used 30477K, committed 31040K, reserved 1114112K
  class space    used 4231K, committed 4480K, reserved 1048576K
}
Event: 16217.894 GC heap after
{Heap after GC invocations=763 (full 0):
 garbage-first heap   total reserved 1011712K, committed 204800K, used 83855K [0x00000000c2400000, 0x0000000100000000)
  region size 1024K, 2 young (2048K), 2 survivors (2048K)
 Metaspace       used 30477K, committed 31040K, reserved 1114112K
  class space    used 4231K, committed 4480K, reserved 1048576K
}
Event: 16287.890 GC heap before
{Heap before GC invocations=763 (full 0):
 garbage-first heap   total reserved 1011712K, committed 204800K, used 92047K [0x00000000c2400000, 0x0000000100000000)
  region size 1024K, 10 young (10240K), 2 survivors (2048K)
 Metaspace       used 30477K, committed 31040K, reserved 1114112K
  class space    used 4231K, committed 4480K, reserved 1048576K
}
Event: 16287.897 GC heap after
{Heap after GC invocations=764 (full 0):
 garbage-first heap   total reserved 1011712K, committed 204800K, used 85780K [0x00000000c2400000, 0x0000000100000000)
  region size 1024K, 2 young (2048K), 2 survivors (2048K)
 Metaspace       used 30477K, committed 31040K, reserved 1114112K
  class space    used 4231K, committed 4480K, reserved 1048576K
}
Event: 27113.155 GC heap before
{Heap before GC invocations=764 (full 0):
 garbage-first heap   total reserved 1011712K, committed 204800K, used 93972K [0x00000000c2400000, 0x0000000100000000)
  region size 1024K, 10 young (10240K), 2 survivors (2048K)
 Metaspace       used 30477K, committed 31040K, reserved 1114112K
  class space    used 4231K, committed 4480K, reserved 1048576K
}
Event: 27113.435 GC heap after
{Heap after GC invocations=765 (full 0):
 garbage-first heap   total reserved 1011712K, committed 204800K, used 88455K [0x00000000c2400000, 0x0000000100000000)
  region size 1024K, 2 young (2048K), 2 survivors (2048K)
 Metaspace       used 30477K, committed 31040K, reserved 1114112K
  class space    used 4231K, committed 4480K, reserved 1048576K
}

Dll operation events (20 events):
Event: 1.918 Loaded shared library C:\Users\Stéphane\.openjfx\cache\22.0.1+7\amd64\api-ms-win-crt-multibyte-l1-1-0.dll
Event: 1.942 Loaded shared library C:\Users\Stéphane\.openjfx\cache\22.0.1+7\amd64\api-ms-win-crt-private-l1-1-0.dll
Event: 1.951 Loaded shared library C:\Users\Stéphane\.openjfx\cache\22.0.1+7\amd64\api-ms-win-crt-process-l1-1-0.dll
Event: 1.963 Loaded shared library C:\Users\Stéphane\.openjfx\cache\22.0.1+7\amd64\api-ms-win-crt-runtime-l1-1-0.dll
Event: 1.972 Loaded shared library C:\Users\Stéphane\.openjfx\cache\22.0.1+7\amd64\api-ms-win-crt-stdio-l1-1-0.dll
Event: 1.982 Loaded shared library C:\Users\Stéphane\.openjfx\cache\22.0.1+7\amd64\api-ms-win-crt-string-l1-1-0.dll
Event: 1.996 Loaded shared library C:\Users\Stéphane\.openjfx\cache\22.0.1+7\amd64\api-ms-win-crt-time-l1-1-0.dll
Event: 2.018 Loaded shared library C:\Users\Stéphane\.openjfx\cache\22.0.1+7\amd64\api-ms-win-crt-utility-l1-1-0.dll
Event: 2.105 Loaded shared library C:\Users\Stéphane\.openjfx\cache\22.0.1+7\amd64\ucrtbase.dll
Event: 2.127 Loaded shared library C:\Users\Stéphane\.openjfx\cache\22.0.1+7\amd64\vcruntime140.dll
Event: 2.149 Loaded shared library C:\Users\Stéphane\.openjfx\cache\22.0.1+7\amd64\vcruntime140_1.dll
Event: 2.200 Loaded shared library C:\Users\Stéphane\.openjfx\cache\22.0.1+7\amd64\msvcp140.dll
Event: 2.235 Loaded shared library C:\Users\Stéphane\.openjfx\cache\22.0.1+7\amd64\msvcp140_1.dll
Event: 2.276 Loaded shared library C:\Users\Stéphane\.openjfx\cache\22.0.1+7\amd64\msvcp140_2.dll
Event: 2.567 Loaded shared library C:\Users\Stéphane\.openjfx\cache\22.0.1+7\amd64\prism_d3d.dll
Event: 2.741 Loaded shared library C:\Users\Stéphane\.openjfx\cache\22.0.1+7\amd64\glass.dll
Event: 3.174 Loaded shared library C:\Program Files\Java\jdk-22\bin\jimage.dll
Event: 5.637 Loaded shared library C:\Users\Stéphane\.openjfx\cache\22.0.1+7\amd64\javafx_font.dll
Event: 12.575 Loaded shared library C:\Users\Stéphane\AppData\Local\Temp\sqlite-3.41.2.2-4297ebd7-3c71-4898-824a-f0f6fb6e4cfe-sqlitejdbc.dll
Event: 14.703 Loaded shared library C:\Users\Stéphane\AppData\Local\Temp\jSerialComm\2.9.3\jSerialComm.dll

Deoptimization events (20 events):
Event: 16307.121 Thread 0x0000021041845170 Uncommon trap: trap_request=0xffffff9d fr.pc=0x0000021036bb16c0 relative=0x0000000000000100
Event: 16307.121 Thread 0x0000021041845170 Uncommon trap: reason=unreached action=reinterpret pc=0x0000021036bb16c0 method=org.example.gestionenergetique.controller.DashboardController.lambda$0(Ljavafx/event/ActionEvent;)V @ 11 c2
Event: 16307.121 Thread 0x0000021041845170 DEOPT PACKING pc=0x0000021036bb16c0 sp=0x00000086154fe610
Event: 16307.121 Thread 0x0000021041845170 DEOPT UNPACKING pc=0x00000210365d46a2 sp=0x00000086154fe530 mode 2
Event: 16307.186 Thread 0x0000021041845170 Uncommon trap: trap_request=0xffffff9d fr.pc=0x00000210370c3bf0 relative=0x0000000000000bd0
Event: 16307.186 Thread 0x0000021041845170 Uncommon trap: reason=unreached action=reinterpret pc=0x00000210370c3bf0 method=com.sun.scenario.animation.shared.TimelineClipCore.visitKeyFrame(IJ)V @ 66 c2
Event: 16307.186 Thread 0x0000021041845170 DEOPT PACKING pc=0x00000210370c3bf0 sp=0x00000086154fe640
Event: 16307.186 Thread 0x0000021041845170 DEOPT UNPACKING pc=0x00000210365d46a2 sp=0x00000086154fe5f8 mode 2
Event: 27123.624 Thread 0x0000021041845170 Uncommon trap: trap_request=0xffffff45 fr.pc=0x000002103742988c relative=0x00000000000007ec
Event: 27123.624 Thread 0x0000021041845170 Uncommon trap: reason=unstable_if action=reinterpret pc=0x000002103742988c method=java.util.concurrent.ConcurrentHashMap$EntrySetView.iterator()Ljava/util/Iterator; @ 11 c2
Event: 27123.624 Thread 0x0000021041845170 DEOPT PACKING pc=0x000002103742988c sp=0x00000086154fdd30
Event: 27123.624 Thread 0x0000021041845170 DEOPT UNPACKING pc=0x00000210365d46a2 sp=0x00000086154fdc28 mode 2
Event: 27124.189 Thread 0x0000021041845170 Uncommon trap: trap_request=0xfffffff4 fr.pc=0x000002103772eea8 relative=0x0000000000000b88
Event: 27124.189 Thread 0x0000021041845170 Uncommon trap: reason=null_check action=make_not_entrant pc=0x000002103772eea8 method=sun.util.locale.provider.LocaleResources.getNumberPatterns()[Ljava/lang/String; @ 16 c2
Event: 27124.189 Thread 0x0000021041845170 DEOPT PACKING pc=0x000002103772eea8 sp=0x00000086154fe0e0
Event: 27124.189 Thread 0x0000021041845170 DEOPT UNPACKING pc=0x00000210365d46a2 sp=0x00000086154fded8 mode 2
Event: 27125.039 Thread 0x0000021041845170 Uncommon trap: trap_request=0xfffffff4 fr.pc=0x00000210371f4d24 relative=0x0000000000000ae4
Event: 27125.039 Thread 0x0000021041845170 Uncommon trap: reason=null_check action=make_not_entrant pc=0x00000210371f4d24 method=sun.util.locale.provider.LocaleResources.getDecimalFormatSymbolsData()[Ljava/lang/Object; @ 15 c2
Event: 27125.039 Thread 0x0000021041845170 DEOPT PACKING pc=0x00000210371f4d24 sp=0x00000086154fdd90
Event: 27125.039 Thread 0x0000021041845170 DEOPT UNPACKING pc=0x00000210365d46a2 sp=0x00000086154fdcf8 mode 2

Classes loaded (20 events):
Event: 304.104 Loading class java/time/format/Parsed
Event: 304.106 Loading class java/time/format/Parsed done
Event: 650.884 Loading class java/lang/StringIndexOutOfBoundsException
Event: 650.970 Loading class java/lang/StringIndexOutOfBoundsException done
Event: 911.771 Loading class java/text/NumberFormat$Style
Event: 911.771 Loading class java/text/NumberFormat$Style done
Event: 1095.932 Loading class sun/text/resources/BreakIteratorInfo
Event: 1096.005 Loading class sun/text/resources/BreakIteratorInfo done
Event: 1096.007 Loading class sun/text/resources/BreakIteratorResources
Event: 1096.007 Loading class sun/util/resources/BreakIteratorResourceBundle
Event: 1096.007 Loading class sun/util/resources/BreakIteratorResourceBundle done
Event: 1096.007 Loading class sun/text/resources/BreakIteratorResources done
Event: 1096.030 Loading class sun/text/RuleBasedBreakIterator
Event: 1096.038 Loading class sun/text/RuleBasedBreakIterator done
Event: 1096.042 Loading class sun/text/CompactByteArray
Event: 1096.043 Loading class sun/text/CompactByteArray done
Event: 1096.045 Loading class sun/text/SupplementaryCharacterData
Event: 1096.045 Loading class sun/text/SupplementaryCharacterData done
Event: 1106.634 Loading class java/util/Collections$UnmodifiableMap$UnmodifiableEntrySet$1
Event: 1107.078 Loading class java/util/Collections$UnmodifiableMap$UnmodifiableEntrySet$1 done

Classes unloaded (20 events):
Event: 1192.221 Thread 0x000002104180c060 Unloading class 0x0000021043165400 'java/lang/invoke/LambdaForm$MH+0x0000021043165400'
Event: 1192.221 Thread 0x000002104180c060 Unloading class 0x0000021043165000 'java/lang/invoke/LambdaForm$MH+0x0000021043165000'
Event: 1578.282 Thread 0x000002104180c060 Unloading class 0x000002104341cc00 'java/lang/invoke/LambdaForm$MH+0x000002104341cc00'
Event: 1578.282 Thread 0x000002104180c060 Unloading class 0x0000021043222c00 'java/lang/invoke/LambdaForm$MH+0x0000021043222c00'
Event: 1578.282 Thread 0x000002104180c060 Unloading class 0x000002104301ac00 'java/lang/invoke/LambdaForm$MH+0x000002104301ac00'
Event: 1578.282 Thread 0x000002104180c060 Unloading class 0x0000021043019c00 'java/lang/invoke/LambdaForm$MH+0x0000021043019c00'
Event: 1578.282 Thread 0x000002104180c060 Unloading class 0x0000021043019800 'java/lang/invoke/LambdaForm$MH+0x0000021043019800'
Event: 1578.282 Thread 0x000002104180c060 Unloading class 0x0000021043018c00 'java/lang/invoke/LambdaForm$MH+0x0000021043018c00'
Event: 1578.282 Thread 0x000002104180c060 Unloading class 0x0000021043018000 'java/lang/invoke/LambdaForm$MH+0x0000021043018000'
Event: 2034.447 Thread 0x000002104180c060 Unloading class 0x0000021043198000 'java/lang/invoke/LambdaForm$MH+0x0000021043198000'
Event: 2034.447 Thread 0x000002104180c060 Unloading class 0x0000021043190c00 'java/lang/invoke/LambdaForm$MH+0x0000021043190c00'
Event: 16175.336 Thread 0x000002104180c060 Unloading class 0x00000210431b8c00 'java/lang/invoke/LambdaForm$MH+0x00000210431b8c00'
Event: 16175.336 Thread 0x000002104180c060 Unloading class 0x000002104343bc00 'java/lang/invoke/LambdaForm$MH+0x000002104343bc00'
Event: 16175.336 Thread 0x000002104180c060 Unloading class 0x0000021043440c00 'java/lang/invoke/LambdaForm$MH+0x0000021043440c00'
Event: 16175.336 Thread 0x000002104180c060 Unloading class 0x0000021043441800 'java/lang/invoke/LambdaForm$MH+0x0000021043441800'
Event: 16175.336 Thread 0x000002104180c060 Unloading class 0x0000021043442400 'java/lang/invoke/LambdaForm$MH+0x0000021043442400'
Event: 16175.336 Thread 0x000002104180c060 Unloading class 0x0000021043018000 'java/lang/invoke/LambdaForm$MH+0x0000021043018000'
Event: 16175.336 Thread 0x000002104180c060 Unloading class 0x000002104301ac00 'java/lang/invoke/LambdaForm$MH+0x000002104301ac00'
Event: 16175.336 Thread 0x000002104180c060 Unloading class 0x0000021043190c00 'java/lang/invoke/LambdaForm$MH+0x0000021043190c00'
Event: 16175.336 Thread 0x000002104180c060 Unloading class 0x0000021043198000 'java/lang/invoke/LambdaForm$MH+0x0000021043198000'

Classes redefined (0 events):
No events

Internal exceptions (20 events):
Event: 275.021 Thread 0x0000021041845170 Implicit null exception at 0x000002103738976a to 0x000002103738c17c
Event: 276.573 Thread 0x0000021041845170 Implicit null exception at 0x0000021036dc87fd to 0x0000021036dc936c
Event: 276.574 Thread 0x0000021041845170 Implicit null exception at 0x000002103733ec6b to 0x000002103733f4c8
Event: 285.602 Thread 0x0000021041845170 Implicit null exception at 0x00000210372fae9d to 0x00000210372fb314
Event: 285.772 Thread 0x0000021041845170 Implicit null exception at 0x0000021037203639 to 0x0000021037209ee8
Event: 285.773 Thread 0x0000021041845170 Implicit null exception at 0x0000021036fe3bae to 0x0000021036fe59d8
Event: 298.202 Thread 0x0000021041845170 Implicit null exception at 0x000002103717c85b to 0x000002103717ce38
Event: 382.495 Thread 0x0000021041845170 Implicit null exception at 0x0000021036fa8a54 to 0x0000021036faa1fc
Event: 382.680 Thread 0x0000021041844450 Implicit null exception at 0x0000021036fe3f27 to 0x0000021036fe5484
Event: 382.682 Thread 0x0000021041844450 Implicit null exception at 0x0000021036efa662 to 0x0000021036efa6e0
Event: 631.172 Thread 0x0000021041844450 Implicit null exception at 0x00000210370dcb20 to 0x00000210370dd9ac
Event: 631.270 Thread 0x0000021041844450 Implicit null exception at 0x00000210373261db to 0x0000021037327f40
Event: 631.308 Thread 0x0000021041844450 Implicit null exception at 0x000002103732a88f to 0x000002103732b688
Event: 631.355 Thread 0x0000021041844450 Implicit null exception at 0x000002103732cb89 to 0x000002103732d9a0
Event: 643.543 Thread 0x0000021041845170 Implicit null exception at 0x0000021036dbf728 to 0x0000021036dbf780
Event: 643.675 Thread 0x0000021041845170 Implicit null exception at 0x0000021037049617 to 0x000002103704a67c
Event: 27118.215 Thread 0x0000021041845170 Exception <a 'java/lang/ClassNotFoundException'{0x00000000ffef5ae8}: com/sun/javafx/scene/control/skin/resources/controls> (0x00000000ffef5ae8) 
thrown [s\open\src\hotspot\share\prims\jni.cpp, line 539]
Event: 27123.813 Thread 0x0000021041845170 Exception <a 'java/lang/ClassNotFoundException'{0x00000000d2608398}: com/sun/javafx/scene/control/skin/resources/controls_fr> (0x00000000d2608398) 
thrown [s\open\src\hotspot\share\prims\jni.cpp, line 539]
Event: 27124.189 Thread 0x0000021041845170 Implicit null exception at 0x000002103772e990 to 0x000002103772ee7f
Event: 27125.039 Thread 0x0000021041845170 Implicit null exception at 0x00000210371f45d5 to 0x00000210371f4d13

ZGC Phase Switch (0 events):
No events

VM Operations (20 events):
Event: 16282.916 Executing VM operation: RendezvousGCThreads
Event: 16282.916 Executing VM operation: RendezvousGCThreads done
Event: 16287.890 Executing VM operation: G1CollectForAllocation (G1 Evacuation Pause)
Event: 16287.897 Executing VM operation: G1CollectForAllocation (G1 Evacuation Pause) done
Event: 27105.477 Executing VM operation: HandshakeAllThreads (HandshakeForDeflation)
Event: 27110.399 Executing VM operation: HandshakeAllThreads (HandshakeForDeflation) done
Event: 27110.399 Executing VM operation: RendezvousGCThreads
Event: 27110.399 Executing VM operation: RendezvousGCThreads done
Event: 27111.399 Executing VM operation: Cleanup
Event: 27112.884 Executing VM operation: Cleanup done
Event: 27112.958 Executing VM operation: G1CollectForAllocation (G1 Evacuation Pause)
Event: 27113.435 Executing VM operation: G1CollectForAllocation (G1 Evacuation Pause) done
Event: 27113.642 Executing VM operation: G1PauseRemark
Event: 27114.881 Executing VM operation: G1PauseRemark done
Event: 27114.946 Executing VM operation: G1PauseCleanup
Event: 27115.097 Executing VM operation: G1PauseCleanup done
Event: 27123.098 Executing VM operation: Cleanup
Event: 27123.120 Executing VM operation: Cleanup done
Event: 27125.120 Executing VM operation: Cleanup
Event: 27125.120 Executing VM operation: Cleanup done

Memory protections (0 events):
No events

Nmethod flushes (20 events):
Event: 27114.880 Thread 0x000002104180c060 flushing  nmethod 0x000002102fe6c010
Event: 27114.880 Thread 0x000002104180c060 flushing  nmethod 0x000002102fef6490
Event: 27114.880 Thread 0x000002104180c060 flushing  nmethod 0x0000021036b76490
Event: 27114.880 Thread 0x000002104180c060 flushing  nmethod 0x0000021036b7ec10
Event: 27114.880 Thread 0x000002104180c060 flushing  nmethod 0x0000021036e4c610
Event: 27114.880 Thread 0x000002104180c060 flushing  nmethod 0x0000021036e4e310
Event: 27114.880 Thread 0x000002104180c060 flushing  nmethod 0x0000021036e5ac90
Event: 27114.880 Thread 0x000002104180c060 flushing  nmethod 0x0000021036fe9010
Event: 27114.880 Thread 0x000002104180c060 flushing  nmethod 0x000002103711e690
Event: 27114.880 Thread 0x000002104180c060 flushing  nmethod 0x000002103715a510
Event: 27114.880 Thread 0x000002104180c060 flushing  nmethod 0x00000210374fa690
Event: 27114.880 Thread 0x000002104180c060 flushing  nmethod 0x0000021037505010
Event: 27114.880 Thread 0x000002104180c060 flushing  nmethod 0x000002103760c390
Event: 27114.880 Thread 0x000002104180c060 flushing  nmethod 0x00000210376aa010
Event: 27114.880 Thread 0x000002104180c060 flushing  nmethod 0x000002103779b690
Event: 27114.880 Thread 0x000002104180c060 flushing  nmethod 0x00000210377a0790
Event: 27114.880 Thread 0x000002104180c060 flushing  nmethod 0x00000210377a0c10
Event: 27114.880 Thread 0x000002104180c060 flushing  nmethod 0x000002102f185110
Event: 27114.880 Thread 0x000002104180c060 flushing  nmethod 0x000002102f6c8190
Event: 27114.880 Thread 0x000002104180c060 flushing  nmethod 0x000002102f6d1f10

Events (20 events):
Event: 164.724 Thread 0x000002108c071fa0 Thread exited: 0x000002108c071fa0
Event: 167.083 Thread 0x0000021041848990 Thread added: 0x000002108c071fa0
Event: 173.881 Thread 0x000002108c071fa0 Thread exited: 0x000002108c071fa0
Event: 178.628 Thread 0x0000021041848990 Thread added: 0x0000021041c59b50
Event: 178.883 Thread 0x0000021041c59b50 Thread exited: 0x0000021041c59b50
Event: 187.054 Thread 0x0000021041847b30 Thread added: 0x00000210880c3c50
Event: 187.377 Thread 0x00000210880c3c50 Thread exited: 0x00000210880c3c50
Event: 215.353 Thread 0x0000021041848990 Thread added: 0x000002108b8841c0
Event: 216.657 Thread 0x000002108b8841c0 Thread exited: 0x000002108b8841c0
Event: 276.733 Thread 0x0000021041848990 Thread added: 0x000002108b55dfe0
Event: 277.203 Thread 0x000002108b55dfe0 Thread exited: 0x000002108b55dfe0
Event: 285.924 Thread 0x0000021041848990 Thread added: 0x0000021041c3e1a0
Event: 286.488 Thread 0x0000021041c3e1a0 Thread exited: 0x0000021041c3e1a0
Event: 27119.980 Thread 0x0000021041848990 Thread added: 0x000002108bff0b40
Event: 27123.240 Thread 0x000002108bff0b40 Thread exited: 0x000002108bff0b40
Event: 27123.407 Thread 0x0000021041848990 Thread added: 0x000002108bff0b40
Event: 27123.624 Thread 0x000002108bff0b40 Thread exited: 0x000002108bff0b40
Event: 27124.047 Thread 0x0000021041848990 Thread added: 0x000002108bff0b40
Event: 27124.250 Thread 0x000002108bff0b40 Thread exited: 0x000002108bff0b40
Event: 27125.374 Thread 0x0000021041847b30 Thread added: 0x000002108bff0b40


Dynamic libraries:
0x00007ff643600000 - 0x00007ff643610000 	C:\Program Files\Java\jdk-22\bin\java.exe
0x00007fffff350000 - 0x00007fffff548000 	C:\WINDOWS\SYSTEM32\ntdll.dll
0x00007ffffdd50000 - 0x00007ffffde12000 	C:\WINDOWS\System32\KERNEL32.DLL
0x00007ffffcc20000 - 0x00007ffffcf1f000 	C:\WINDOWS\System32\KERNELBASE.dll
0x00007ffffcb20000 - 0x00007ffffcc20000 	C:\WINDOWS\System32\ucrtbase.dll
0x00007fffe8160000 - 0x00007fffe8177000 	C:\Program Files\Java\jdk-22\bin\jli.dll
0x00007fffe4860000 - 0x00007fffe487b000 	C:\Program Files\Java\jdk-22\bin\VCRUNTIME140.dll
0x00007ffffe1f0000 - 0x00007ffffe38d000 	C:\WINDOWS\System32\USER32.dll
0x00007ffffcaf0000 - 0x00007ffffcb12000 	C:\WINDOWS\System32\win32u.dll
0x00007ffffe020000 - 0x00007ffffe04b000 	C:\WINDOWS\System32\GDI32.dll
0x00007fffeaba0000 - 0x00007fffeae3a000 	C:\WINDOWS\WinSxS\amd64_microsoft.windows.common-controls_6595b64144ccf1df_6.0.19041.4355_none_60b8b9eb71f62e16\COMCTL32.dll
0x00007ffffd2b0000 - 0x00007ffffd3ca000 	C:\WINDOWS\System32\gdi32full.dll
0x00007fffff070000 - 0x00007fffff10e000 	C:\WINDOWS\System32\msvcrt.dll
0x00007ffffca50000 - 0x00007ffffcaed000 	C:\WINDOWS\System32\msvcp_win.dll
0x00007fffff2e0000 - 0x00007fffff30f000 	C:\WINDOWS\System32\IMM32.DLL
0x000000006d8c0000 - 0x000000006d8cc000 	C:\Program Files (x86)\360\Total Security\safemon\SafeWrapper.dll
0x00007ffffe060000 - 0x00007ffffe10f000 	C:\WINDOWS\System32\ADVAPI32.dll
0x00007ffffde20000 - 0x00007ffffdebf000 	C:\WINDOWS\System32\sechost.dll
0x00007ffffe8c0000 - 0x00007ffffe9e3000 	C:\WINDOWS\System32\RPCRT4.dll
0x00007ffffd230000 - 0x00007ffffd257000 	C:\WINDOWS\System32\bcrypt.dll
0x00007fffa50e0000 - 0x00007fffa518c000 	C:\Program Files (x86)\360\Total Security\safemon\libzdtp64.dll
0x00007ffffd5e0000 - 0x00007ffffdd4d000 	C:\WINDOWS\System32\SHELL32.dll
0x00007ffffd580000 - 0x00007ffffd5d5000 	C:\WINDOWS\System32\SHLWAPI.dll
0x00007ffffc3f0000 - 0x00007ffffc3fa000 	C:\WINDOWS\SYSTEM32\VERSION.dll
0x00007ffff8480000 - 0x00007ffff848c000 	C:\Program Files\Java\jdk-22\bin\vcruntime140_1.dll
0x00007fffc5860000 - 0x00007fffc58ee000 	C:\Program Files\Java\jdk-22\bin\msvcp140.dll
0x00007fffa5900000 - 0x00007fffa6649000 	C:\Program Files\Java\jdk-22\bin\server\jvm.dll
0x00007ffffefa0000 - 0x00007fffff00b000 	C:\WINDOWS\System32\WS2_32.dll
0x00007ffffc8b0000 - 0x00007ffffc8fb000 	C:\WINDOWS\SYSTEM32\POWRPROF.dll
0x00007fffebf10000 - 0x00007fffebf37000 	C:\WINDOWS\SYSTEM32\WINMM.dll
0x00007ffffc890000 - 0x00007ffffc8a2000 	C:\WINDOWS\SYSTEM32\UMPDC.dll
0x00007ffffa860000 - 0x00007ffffa872000 	C:\WINDOWS\SYSTEM32\kernel.appcore.dll
0x00007ffff58b0000 - 0x00007ffff58ba000 	C:\Program Files\Java\jdk-22\bin\jimage.dll
0x00007fffe5330000 - 0x00007fffe5514000 	C:\WINDOWS\SYSTEM32\DBGHELP.DLL
0x00007ffff6bd0000 - 0x00007ffff6c04000 	C:\WINDOWS\SYSTEM32\dbgcore.DLL
0x00007ffffcf90000 - 0x00007ffffd012000 	C:\WINDOWS\System32\bcryptPrimitives.dll
0x00007fffe4240000 - 0x00007fffe425e000 	C:\Program Files\Java\jdk-22\bin\java.dll
0x00007ffffd3d0000 - 0x00007ffffd4fb000 	C:\WINDOWS\System32\ole32.dll
0x00007ffffe440000 - 0x00007ffffe795000 	C:\WINDOWS\System32\combase.dll
0x00007ffffaa60000 - 0x00007ffffb204000 	C:\WINDOWS\SYSTEM32\windows.storage.dll
0x00007ffffc340000 - 0x00007ffffc36f000 	C:\WINDOWS\SYSTEM32\Wldp.dll
0x00007ffffdf50000 - 0x00007ffffe01d000 	C:\WINDOWS\System32\OLEAUT32.dll
0x00007ffffe390000 - 0x00007ffffe43d000 	C:\WINDOWS\System32\SHCORE.dll
0x00007ffffc980000 - 0x00007ffffc9a4000 	C:\WINDOWS\SYSTEM32\profapi.dll
0x00007fffa6e20000 - 0x00007fffa6ef7000 	C:\Program Files\Java\jdk-22\bin\jsvml.dll
0x00007fffedde0000 - 0x00007fffeddf0000 	C:\Program Files\Java\jdk-22\bin\net.dll
0x00007ffffc0a0000 - 0x00007ffffc10c000 	C:\WINDOWS\system32\mswsock.dll
0x00007fffe4220000 - 0x00007fffe4236000 	C:\Program Files\Java\jdk-22\bin\nio.dll
0x00007fffe4200000 - 0x00007fffe4217000 	C:\Program Files\Java\jdk-22\bin\zip.dll
0x0000021026c40000 - 0x0000021026c43000 	C:\Users\Stéphane\.openjfx\cache\22.0.1+7\amd64\api-ms-win-core-console-l1-1-0.dll
0x0000021026c50000 - 0x0000021026c53000 	C:\Users\Stéphane\.openjfx\cache\22.0.1+7\amd64\api-ms-win-core-console-l1-2-0.dll
0x0000021026c60000 - 0x0000021026c63000 	C:\Users\Stéphane\.openjfx\cache\22.0.1+7\amd64\api-ms-win-core-datetime-l1-1-0.dll
0x0000021026c70000 - 0x0000021026c73000 	C:\Users\Stéphane\.openjfx\cache\22.0.1+7\amd64\api-ms-win-core-debug-l1-1-0.dll
0x0000021026c80000 - 0x0000021026c83000 	C:\Users\Stéphane\.openjfx\cache\22.0.1+7\amd64\api-ms-win-core-errorhandling-l1-1-0.dll
0x0000021026c90000 - 0x0000021026c94000 	C:\Users\Stéphane\.openjfx\cache\22.0.1+7\amd64\api-ms-win-core-file-l1-1-0.dll
0x0000021026ca0000 - 0x0000021026ca3000 	C:\Users\Stéphane\.openjfx\cache\22.0.1+7\amd64\api-ms-win-core-file-l1-2-0.dll
0x0000021026cb0000 - 0x0000021026cb3000 	C:\Users\Stéphane\.openjfx\cache\22.0.1+7\amd64\api-ms-win-core-file-l2-1-0.dll
0x0000021041e00000 - 0x0000021041e03000 	C:\Users\Stéphane\.openjfx\cache\22.0.1+7\amd64\api-ms-win-core-handle-l1-1-0.dll
0x0000021041e10000 - 0x0000021041e13000 	C:\Users\Stéphane\.openjfx\cache\22.0.1+7\amd64\api-ms-win-core-heap-l1-1-0.dll
0x0000021041e20000 - 0x0000021041e23000 	C:\Users\Stéphane\.openjfx\cache\22.0.1+7\amd64\api-ms-win-core-interlocked-l1-1-0.dll
0x0000021041e30000 - 0x0000021041e33000 	C:\Users\Stéphane\.openjfx\cache\22.0.1+7\amd64\api-ms-win-core-libraryloader-l1-1-0.dll
0x0000021041e40000 - 0x0000021041e43000 	C:\Users\Stéphane\.openjfx\cache\22.0.1+7\amd64\api-ms-win-core-localization-l1-2-0.dll
0x0000021041e50000 - 0x0000021041e53000 	C:\Users\Stéphane\.openjfx\cache\22.0.1+7\amd64\api-ms-win-core-memory-l1-1-0.dll
0x0000021041e60000 - 0x0000021041e63000 	C:\Users\Stéphane\.openjfx\cache\22.0.1+7\amd64\api-ms-win-core-namedpipe-l1-1-0.dll
0x0000021041e70000 - 0x0000021041e73000 	C:\Users\Stéphane\.openjfx\cache\22.0.1+7\amd64\api-ms-win-core-processenvironment-l1-1-0.dll
0x0000021041e80000 - 0x0000021041e83000 	C:\Users\Stéphane\.openjfx\cache\22.0.1+7\amd64\api-ms-win-core-processthreads-l1-1-0.dll
0x0000021041e90000 - 0x0000021041e93000 	C:\Users\Stéphane\.openjfx\cache\22.0.1+7\amd64\api-ms-win-core-processthreads-l1-1-1.dll
0x0000021041ea0000 - 0x0000021041ea3000 	C:\Users\Stéphane\.openjfx\cache\22.0.1+7\amd64\api-ms-win-core-profile-l1-1-0.dll
0x0000021041eb0000 - 0x0000021041eb3000 	C:\Users\Stéphane\.openjfx\cache\22.0.1+7\amd64\api-ms-win-core-rtlsupport-l1-1-0.dll
0x0000021041ec0000 - 0x0000021041ec3000 	C:\Users\Stéphane\.openjfx\cache\22.0.1+7\amd64\api-ms-win-core-string-l1-1-0.dll
0x0000021041ed0000 - 0x0000021041ed3000 	C:\Users\Stéphane\.openjfx\cache\22.0.1+7\amd64\api-ms-win-core-synch-l1-1-0.dll
0x0000021041ee0000 - 0x0000021041ee3000 	C:\Users\Stéphane\.openjfx\cache\22.0.1+7\amd64\api-ms-win-core-synch-l1-2-0.dll
0x0000021041ef0000 - 0x0000021041ef3000 	C:\Users\Stéphane\.openjfx\cache\22.0.1+7\amd64\api-ms-win-core-sysinfo-l1-1-0.dll
0x0000021041f00000 - 0x0000021041f03000 	C:\Users\Stéphane\.openjfx\cache\22.0.1+7\amd64\api-ms-win-core-timezone-l1-1-0.dll
0x0000021041f10000 - 0x0000021041f13000 	C:\Users\Stéphane\.openjfx\cache\22.0.1+7\amd64\api-ms-win-core-util-l1-1-0.dll
0x0000021041f20000 - 0x0000021041f23000 	C:\Users\Stéphane\.openjfx\cache\22.0.1+7\amd64\api-ms-win-crt-conio-l1-1-0.dll
0x0000021041f30000 - 0x0000021041f34000 	C:\Users\Stéphane\.openjfx\cache\22.0.1+7\amd64\api-ms-win-crt-convert-l1-1-0.dll
0x0000021041f40000 - 0x0000021041f43000 	C:\Users\Stéphane\.openjfx\cache\22.0.1+7\amd64\api-ms-win-crt-environment-l1-1-0.dll
0x0000021041f50000 - 0x0000021041f53000 	C:\Users\Stéphane\.openjfx\cache\22.0.1+7\amd64\api-ms-win-crt-filesystem-l1-1-0.dll
0x0000021041f60000 - 0x0000021041f63000 	C:\Users\Stéphane\.openjfx\cache\22.0.1+7\amd64\api-ms-win-crt-heap-l1-1-0.dll
0x0000021041f70000 - 0x0000021041f73000 	C:\Users\Stéphane\.openjfx\cache\22.0.1+7\amd64\api-ms-win-crt-locale-l1-1-0.dll
0x0000021041f80000 - 0x0000021041f85000 	C:\Users\Stéphane\.openjfx\cache\22.0.1+7\amd64\api-ms-win-crt-math-l1-1-0.dll
0x0000021041f90000 - 0x0000021041f95000 	C:\Users\Stéphane\.openjfx\cache\22.0.1+7\amd64\api-ms-win-crt-multibyte-l1-1-0.dll
0x0000021041fa0000 - 0x0000021041fb0000 	C:\Users\Stéphane\.openjfx\cache\22.0.1+7\amd64\api-ms-win-crt-private-l1-1-0.dll
0x0000021041fb0000 - 0x0000021041fb3000 	C:\Users\Stéphane\.openjfx\cache\22.0.1+7\amd64\api-ms-win-crt-process-l1-1-0.dll
0x0000021041fc0000 - 0x0000021041fc4000 	C:\Users\Stéphane\.openjfx\cache\22.0.1+7\amd64\api-ms-win-crt-runtime-l1-1-0.dll
0x0000021041fd0000 - 0x0000021041fd4000 	C:\Users\Stéphane\.openjfx\cache\22.0.1+7\amd64\api-ms-win-crt-stdio-l1-1-0.dll
0x0000021041fe0000 - 0x0000021041fe4000 	C:\Users\Stéphane\.openjfx\cache\22.0.1+7\amd64\api-ms-win-crt-string-l1-1-0.dll
0x0000021041ff0000 - 0x0000021041ff3000 	C:\Users\Stéphane\.openjfx\cache\22.0.1+7\amd64\api-ms-win-crt-time-l1-1-0.dll
0x00000210887d0000 - 0x00000210887d3000 	C:\Users\Stéphane\.openjfx\cache\22.0.1+7\amd64\api-ms-win-crt-utility-l1-1-0.dll
0x00007fffa6a40000 - 0x00007fffa6b3c000 	C:\Users\Stéphane\.openjfx\cache\22.0.1+7\amd64\ucrtbase.dll
0x00007fffe41e0000 - 0x00007fffe41fb000 	C:\Users\Stéphane\.openjfx\cache\22.0.1+7\amd64\vcruntime140.dll
0x00007fffe8150000 - 0x00007fffe815c000 	C:\Users\Stéphane\.openjfx\cache\22.0.1+7\amd64\vcruntime140_1.dll
0x00007fffa69b0000 - 0x00007fffa6a3e000 	C:\Users\Stéphane\.openjfx\cache\22.0.1+7\amd64\msvcp140.dll
0x00007fffe6bb0000 - 0x00007fffe6bb9000 	C:\Users\Stéphane\.openjfx\cache\22.0.1+7\amd64\msvcp140_1.dll
0x00007fffd8fd0000 - 0x00007fffd9011000 	C:\Users\Stéphane\.openjfx\cache\22.0.1+7\amd64\msvcp140_2.dll
0x00007fffe26b0000 - 0x00007fffe26e0000 	C:\Users\Stéphane\.openjfx\cache\22.0.1+7\amd64\prism_d3d.dll
0x00007fffc4d50000 - 0x00007fffc4f21000 	C:\WINDOWS\system32\d3d9.dll
0x00007ffffa460000 - 0x00007ffffa48f000 	C:\WINDOWS\SYSTEM32\dwmapi.dll
0x00007ffffa330000 - 0x00007ffffa3ce000 	C:\WINDOWS\system32\uxtheme.dll
0x00007fffb1630000 - 0x00007fffb2250000 	C:\WINDOWS\SYSTEM32\igdumd64.dll
0x00007fffa6dd0000 - 0x00007fffa6e15000 	C:\Users\Stéphane\.openjfx\cache\22.0.1+7\amd64\glass.dll
0x00007ffffe110000 - 0x00007ffffe1ea000 	C:\WINDOWS\System32\COMDLG32.dll
0x00007ffffe7a0000 - 0x00007ffffe8b5000 	C:\WINDOWS\System32\MSCTF.dll
0x00007ffffee90000 - 0x00007ffffef39000 	C:\WINDOWS\System32\clbcatq.dll
0x00007ffff2460000 - 0x00007ffff259f000 	C:\Windows\System32\Windows.UI.dll
0x00007ffff2360000 - 0x00007ffff2459000 	C:\Windows\System32\TextInputFramework.dll
0x00007ffff2200000 - 0x00007ffff2352000 	C:\Windows\System32\InputHost.dll
0x00007ffff6870000 - 0x00007ffff6911000 	C:\Windows\System32\WindowManagementAPI.dll
0x00007ffff9b20000 - 0x00007ffff9c12000 	C:\Windows\System32\CoreMessaging.dll
0x00007ffff97c0000 - 0x00007ffff9b1b000 	C:\Windows\System32\CoreUIComponents.dll
0x00007ffff9010000 - 0x00007ffff9167000 	C:\WINDOWS\SYSTEM32\wintypes.dll
0x00007ffff82f0000 - 0x00007ffff83e6000 	C:\Windows\System32\PROPSYS.dll
0x00007ffff6660000 - 0x00007ffff6863000 	C:\WINDOWS\SYSTEM32\twinapi.appcore.dll
0x00007ffffbc10000 - 0x00007ffffbc43000 	C:\WINDOWS\SYSTEM32\ntmarta.dll
0x00007ffff0c20000 - 0x00007ffff0d58000 	C:\Windows\System32\Windows.UI.Immersive.dll
0x00007fffebcf0000 - 0x00007fffebd05000 	C:\Users\Stéphane\.openjfx\cache\22.0.1+7\amd64\javafx_font.dll
0x00007ffff0410000 - 0x00007ffff068f000 	C:\WINDOWS\SYSTEM32\dwrite.dll
0x00007ffffc2a0000 - 0x00007ffffc2b8000 	C:\WINDOWS\SYSTEM32\CRYPTSP.dll
0x00007ffffb9c0000 - 0x00007ffffb9f4000 	C:\WINDOWS\system32\rsaenh.dll
0x00007ffffc940000 - 0x00007ffffc96e000 	C:\WINDOWS\SYSTEM32\USERENV.dll
0x00007ffffc290000 - 0x00007ffffc29c000 	C:\WINDOWS\SYSTEM32\CRYPTBASE.dll
0x00007ffffbd80000 - 0x00007ffffbdbb000 	C:\WINDOWS\SYSTEM32\IPHLPAPI.DLL
0x00007ffffe050000 - 0x00007ffffe058000 	C:\WINDOWS\System32\NSI.dll
0x00007fffa5810000 - 0x00007fffa58f9000 	C:\Users\Stéphane\AppData\Local\Temp\sqlite-3.41.2.2-4297ebd7-3c71-4898-824a-f0f6fb6e4cfe-sqlitejdbc.dll
0x00007fffd8f30000 - 0x00007fffd8f64000 	C:\Users\Stéphane\AppData\Local\Temp\jSerialComm\2.9.3\jSerialComm.dll
0x00007ffffea10000 - 0x00007ffffee81000 	C:\WINDOWS\System32\SETUPAPI.dll
0x00007ffffd260000 - 0x00007ffffd2ae000 	C:\WINDOWS\System32\cfgmgr32.dll

dbghelp: loaded successfully - version: 4.0.5 - missing functions: none
symbol engine: initialized successfully - sym options: 0x614 - pdb path: .;C:\Program Files\Java\jdk-22\bin;C:\WINDOWS\SYSTEM32;C:\WINDOWS\WinSxS\amd64_microsoft.windows.common-controls_6595b64144ccf1df_6.0.19041.4355_none_60b8b9eb71f62e16;C:\Program Files (x86)\360\Total Security\safemon;C:\Program Files\Java\jdk-22\bin\server;C:\Users\Stéphane\.openjfx\cache\22.0.1+7\amd64;C:\Users\Stéphane\AppData\Local\Temp;C:\Users\Stéphane\AppData\Local\Temp\jSerialComm\2.9.3;C:\Program Files\Common Files\Microsoft Shared\Ink

VM Arguments:
jvm_args: -XX:+ShowCodeDetailsInExceptionMessages --module-path=D:\Mes projets\gestionEnergetique\target\classes;C:\Users\Stéphane\.m2\repository\org\openjfx\javafx-controls\22.0.1\javafx-controls-22.0.1-win.jar;C:\Users\Stéphane\.m2\repository\org\openjfx\javafx-graphics\22.0.1\javafx-graphics-22.0.1-win.jar;C:\Users\Stéphane\.m2\repository\org\openjfx\javafx-base\22.0.1\javafx-base-22.0.1-win.jar;C:\Users\Stéphane\.m2\repository\org\openjfx\javafx-fxml\22.0.1\javafx-fxml-22.0.1-win.jar;C:\Users\Stéphane\.m2\repository\org\kordamp\ikonli\ikonli-javafx\12.3.1\ikonli-javafx-12.3.1.jar;C:\Users\Stéphane\.m2\repository\org\kordamp\ikonli\ikonli-core\12.3.1\ikonli-core-12.3.1.jar;C:\Users\Stéphane\.m2\repository\de\jensd\fontawesomefx-fontawesome\4.7.0-9.1.2\fontawesomefx-fontawesome-4.7.0-9.1.2.jar;C:\Users\Stéphane\.m2\repository\de\jensd\fontawesomefx-materialdesignfont\2.0.26-9.1.2\fontawesomefx-materialdesignfont-2.0.26-9.1.2.jar;C:\Users\Stéphane\.m2\repository\de\jensd\fontawesomefx-commons\9.1.2\fontawesomefx-commons-9.1.2.jar;C:\Users\Stéphane\.m2\repository\at\favre\lib\bcrypt\0.9.0\bcrypt-0.9.0.jar;C:\Users\Stéphane\.m2\repository\com\fazecast\jSerialComm\2.9.3\jSerialComm-2.9.3.jar -Djdk.module.main=org.example.gestionenergetique 
java_command: org.example.gestionenergetique/org.example.gestionenergetique.HelloApplication
java_class_path (initial): C:\Users\Stéphane\.m2\repository\org\openjfx\javafx-controls\22.0.1\javafx-controls-22.0.1.jar;C:\Users\Stéphane\.m2\repository\org\openjfx\javafx-graphics\22.0.1\javafx-graphics-22.0.1.jar;C:\Users\Stéphane\.m2\repository\org\openjfx\javafx-base\22.0.1\javafx-base-22.0.1.jar;C:\Users\Stéphane\.m2\repository\org\openjfx\javafx-fxml\22.0.1\javafx-fxml-22.0.1.jar;C:\Users\Stéphane\.m2\repository\com\itextpdf\itextpdf\5.5.13.3\itextpdf-5.5.13.3.jar;C:\Users\Stéphane\.m2\repository\org\xerial\sqlite-jdbc\3.41.2.2\sqlite-jdbc-3.41.2.2.jar;C:\Users\Stéphane\.m2\repository\at\favre\lib\bytes\1.3.0\bytes-1.3.0.jar
Launcher Type: SUN_STANDARD

[Global flags]
     bool UseCompressedOops                        = true                           {product lp64_product} {ergonomic}
     bool UseLargePagesIndividualAllocation        = false                                  {pd product} {ergonomic}
     bool ShowCodeDetailsInExceptionMessages       = true                                   {manageable} {command line}
     intx CICompilerCount                          = 3                                         {product} {ergonomic}
   size_t MinHeapDeltaBytes                        = 1048576                                   {product} {ergonomic}
     bool SegmentedCodeCache                       = true                                      {product} {ergonomic}
    uintx ReservedCodeCacheSize                    = 251658240                              {pd product} {ergonomic}
    uintx NonProfiledCodeHeapSize                  = 122912730                              {pd product} {ergonomic}
    uintx ProfiledCodeHeapSize                     = 122912730                              {pd product} {ergonomic}
    uintx NonNMethodCodeHeapSize                   = 5832780                                {pd product} {ergonomic}
   size_t G1HeapRegionSize                         = 1048576                                   {product} {ergonomic}
     uint G1ConcRefinementThreads                  = 4                                         {product} {ergonomic}
     bool UseG1GC                                  = true                                      {product} {ergonomic}
     uint ConcGCThreads                            = 1                                         {product} {ergonomic}
   size_t MarkStackSize                            = 4194304                                   {product} {ergonomic}
   size_t MinHeapSize                              = 8388608                                   {product} {ergonomic}
   size_t InitialHeapSize                          = 65011712                                  {product} {ergonomic}
   size_t MaxHeapSize                              = 1035993088                                {product} {ergonomic}
   size_t SoftMaxHeapSize                          = 1035993088                             {manageable} {ergonomic}
   size_t MaxNewSize                               = 620756992                                 {product} {ergonomic}

Logging:
Log output configuration:
 #0: stdout all=warning uptime,level,tags foldmultilines=false
 #1: stderr all=off uptime,level,tags foldmultilines=false

Environment Variables:
PATH=C:\Program Files (x86)\Common Files\Intel\Shared Libraries\redist\intel64_win\compiler;C:\Program Files\Common Files\Oracle\Java\javapath;C:\WINDOWS\system32;C:\WINDOWS;C:\WINDOWS\System32\Wbem;C:\WINDOWS\System32\WindowsPowerShell\v1.0\;C:\Program Files\Git\cmd;C:\PHP;C:\composer;C:\WINDOWS\System32\OpenSSH\;C:\Users\Stéphane\AppData\Roaming\npm;C:\Program Files\nodejs\node_modules\npm;C:\Program Files\Java\jdk-22\bin\;C:\flutter\bin\;C:\Users\Stéphane\.config\herd\bin\nvm;C:\Program Files\nodejs;C:\Program Files\dotnet\;C:\Program Files\Microsoft VS Code\bin;C:\Program Files\nodejs\;C:\Program Files\Tesseract-OCR;C:\ngrok;C:\laragon\bin;C:\laragon\bin\apache\httpd-2.4.54-win64-VS16\bin;C:\laragon\bin\composer;C:\laragon\bin\git\bin;C:\laragon\bin\git\cmd;C:\laragon\bin\git\mingw64\bin;C:\laragon\bin\git\usr\bin;C:\laragon\bin\laragon\utils;C:\laragon\bin\mysql\mysql-8.0.30-winx64\bin;C:\laragon\bin\nginx\nginx-1.22.0;C:\laragon\bin\ngrok;C:\laragon\bin\nodejs\node-v18;C:\laragon\bin\notepad++;C:\laragon\bin\php\php8.3;C:\laragon\bin\python\python-3.10;C:\laragon\bin\python\python-3.10\Scripts;C:\laragon\bin\redis\redis-x64-5.0.14.1;C:\laragon\bin\telnet;C:\laragon\usr\bin;C:\Users\Stéphane\AppData\Local\Yarn\config\global\node_modules\.bin;C:\Users\Stéphane\AppData\Roaming\Composer\vendor\bin;C:\Users\Stéphane\.config\herd\bin;C:\Users\Stéphane\AppData\Local\Programs\Python\Python310\Scripts\;C:\Users\Stéphane\AppData\Local\Programs\Python\Python310\;C:\Users\Stéphane\AppData\Roaming\Microsoft\Windows\Start Menu\Programs\Python 3.10;C:\Program Files\JetBrains\PyCharm Community Edition 2022.3.1\bin;C:\Users\Stéphane\AppData\Local\Microsoft\WindowsApps;C:\Users\Stéphane\AppData\Local\JetBrains\Toolbox\scripts;C:\Program Files\JetBrains\IntelliJ IDEA Community Edition 2024.2.2\bin;C:\Users\Stéphane\AppData\Roaming\npm;C:\Program Files\Tesseract-OCR;;C:\Program Files\JetBrains\IntelliJ IDEA Community Edition 2025.1\bin;;C:\Users\Stéphane\AppData\Local\Programs\Windsurf\bin
USERNAME=Stéphane
LANG=en_US.UTF-8
OS=Windows_NT
PROCESSOR_IDENTIFIER=Intel64 Family 6 Model 42 Stepping 7, GenuineIntel
TMP=C:\Users\STPHAN~1\AppData\Local\Temp
TEMP=C:\Users\STPHAN~1\AppData\Local\Temp




Periodic native trim disabled

---------------  S Y S T E M  ---------------

OS:
 Windows 10 , 64 bit Build 19041 (10.0.19041.5438)
OS uptime: 0 days 8:13 hours

CPU: total 4 (initial active 4) (2 cores per cpu, 2 threads per core) family 6 model 42 stepping 7 microcode 0x2f, cx8, cmov, fxsr, ht, mmx, sse, sse2, sse3, ssse3, sse4.1, sse4.2, popcnt, tsc, tscinvbit, avx, aes, clmul, vzeroupper, clflush, rdtscp
Processor Information for all 4 processors :
  Max Mhz: 2401, Current Mhz: 2401, Mhz Limit: 2401

Memory: 4k page, system-wide physical 3947M (1014M free)
TotalPageFile size 8043M (AvailPageFile size 0M)
current process WorkingSet (physical memory assigned to process): 484M, peak: 2154M
current process commit charge ("private bytes"): 5439M, peak: 5439M

vm_info: Java HotSpot(TM) 64-Bit Server VM (22.0.2+9-70) for windows-amd64 JRE (22.0.2+9-70), built on 2024-06-04T16:52:23Z by "mach5one" with MS VC++ 17.6 (VS2022)

END.
